 0000           ; Generated by PSoC Designer ver 4.4  b1884 : 14 Jan, 2007
 0000           ;
 00C0           FLAG_PGMODE_MASK:  equ C0h     ; Paging control for > 256 bytes of RAM
 0000           FLAG_PGMODE_0:     equ 00h       ; Direct to Page 0,      indexed to Page 0
 0040           FLAG_PGMODE_1:     equ 40h       ; Direct to Page 0,      indexed to STK_PP page
 0080           FLAG_PGMODE_2:     equ 80h       ; Direct to CUR_PP page, indexed to IDX_PP page
 00C0           FLAG_PGMODE_3:     equ C0h       ; Direct to CUR_PP page, indexed to STK_PP page
 0000           FLAG_PGMODE_00b:   equ 00h       ; Same as PGMODE_0
 0040           FLAG_PGMODE_01b:   equ 40h       ; Same as PGMODE_1
 0080           FLAG_PGMODE_10b:   equ 80h       ; Same as PGMODE_2
 00C0           FLAG_PGMODE_11b:   equ C0h       ; Same as PGMODE_3
 0010           FLAG_XIO_MASK:     equ 10h     ; I/O Bank select for register space
 0008           FLAG_SUPER:        equ 08h     ; Supervisor Mode
 0004           FLAG_CARRY:        equ 04h     ; Carry Condition Flag
 0002           FLAG_ZERO:         equ 02h     ; Zero  Condition Flag
 0001           FLAG_GLOBAL_IE:    equ 01h     ; Glogal Interrupt Enable
 0000           
 0000           
 0000           ;;=============================================================================
 0000           ;;      Register Space, Bank 0
 0000           ;;=============================================================================
 0000           
 0000           ;------------------------------------------------
 0000           ;  Port Registers
 0000           ;  Note: Also see this address range in Bank 1.
 0000           ;------------------------------------------------
 0000           ; Port 0
 0000           PRT0DR:       equ 00h          ; Port 0 Data Register                     (RW)
 0001           PRT0IE:       equ 01h          ; Port 0 Interrupt Enable Register         (RW)
 0002           PRT0GS:       equ 02h          ; Port 0 Global Select Register            (RW)
 0003           PRT0DM2:      equ 03h          ; Port 0 Drive Mode 2                      (RW)
 0000           ; Port 1
 0004           PRT1DR:       equ 04h          ; Port 1 Data Register                     (RW)
 0005           PRT1IE:       equ 05h          ; Port 1 Interrupt Enable Register         (RW)
 0006           PRT1GS:       equ 06h          ; Port 1 Global Select Register            (RW)
 0007           PRT1DM2:      equ 07h          ; Port 1 Drive Mode 2                      (RW)
 0000           ; Port 2
 0008           PRT2DR:       equ 08h          ; Port 2 Data Register                     (RW)
 0009           PRT2IE:       equ 09h          ; Port 2 Interrupt Enable Register         (RW)
 000A           PRT2GS:       equ 0Ah          ; Port 2 Global Select Register            (RW)
 000B           PRT2DM2:      equ 0Bh          ; Port 2 Drive Mode 2                      (RW)
 0000           ; Port 3
 000C           PRT3DR:       equ 0Ch          ; Port 3 Data Register                     (RW)
 000D           PRT3IE:       equ 0Dh          ; Port 3 Interrupt Enable Register         (RW)
 000E           PRT3GS:       equ 0Eh          ; Port 3 Global Select Register            (RW)
 000F           PRT3DM2:      equ 0Fh          ; Port 3 Drive Mode 2                      (RW)
 0000           ; Port 4
 0010           PRT4DR:       equ 10h          ; Port 4 Data Register                     (RW)
 0011           PRT4IE:       equ 11h          ; Port 4 Interrupt Enable Register         (RW)
 0012           PRT4GS:       equ 12h          ; Port 4 Global Select Register            (RW)
 0013           PRT4DM2:      equ 13h          ; Port 4 Drive Mode 2                      (RW)
 0000           ; Port 5
 0014           PRT5DR:       equ 14h          ; Port 5 Data Register                     (RW)
 0015           PRT5IE:       equ 15h          ; Port 5 Interrupt Enable Register         (RW)
 0016           PRT5GS:       equ 16h          ; Port 5 Global Select Register            (RW)
 0017           PRT5DM2:      equ 17h          ; Port 5 Drive Mode 2                      (RW)
 0000           ; Port 6
 0018           PRT6DR:       equ 18h          ; Port 6 Data Register                     (RW)
 0019           PRT6IE:       equ 19h          ; Port 6 Interrupt Enable Register         (RW)
 001A           PRT6GS:       equ 1Ah          ; Port 6 Global Select Register            (RW)
 001B           PRT6DM2:      equ 1Bh          ; Port 6 Drive Mode 2                      (RW)
 0000           ; Port 7
 001C           PRT7DR:       equ 1Ch          ; Port 7 Data Register                     (RW)
 001D           PRT7IE:       equ 1Dh          ; Port 7 Interrupt Enable Register         (RW)
 001E           PRT7GS:       equ 1Eh          ; Port 7 Global Select Register            (RW)
 001F           PRT7DM2:      equ 1Fh          ; Port 7 Drive Mode 2                      (RW)
 0000           
 0000           ;------------------------------------------------
 0000           ;  Digital PSoC(tm) block Registers
 0000           ;  Note: Also see this address range in Bank 1.
 0000           ;------------------------------------------------
 0000           ; Digital PSoC block 00, Basic Type B
 0020           DBB00DR0:     equ 20h          ; data register 0                          (#)
 0021           DBB00DR1:     equ 21h          ; data register 1                          (W)
 0022           DBB00DR2:     equ 22h          ; data register 2                          (RW)
 0023           DBB00CR0:     equ 23h          ; control & status register 0              (#)
 0000           
 0000           ; Digital PSoC block 01, Basic Type B
 0024           DBB01DR0:     equ 24h          ; data register 0                          (#)
 0025           DBB01DR1:     equ 25h          ; data register 1                          (W)
 0026           DBB01DR2:     equ 26h          ; data register 2                          (RW)
 0027           DBB01CR0:     equ 27h          ; control & status register 0              (#)
 0000           
 0000           ; Digital PSoC block 02, Communications Type B
 0028           DCB02DR0:     equ 28h          ; data register 0                          (#)
 0029           DCB02DR1:     equ 29h          ; data register 1                          (W)
 002A           DCB02DR2:     equ 2Ah          ; data register 2                          (RW)
 002B           DCB02CR0:     equ 2Bh          ; control & status register 0              (#)
 0000           
 0000           ; Digital PSoC block 03, Communications Type B
 002C           DCB03DR0:     equ 2Ch          ; data register 0                          (#)
 002D           DCB03DR1:     equ 2Dh          ; data register 1                          (W)
 002E           DCB03DR2:     equ 2Eh          ; data register 2                          (RW)
 002F           DCB03CR0:     equ 2Fh          ; control & status register 0              (#)
 0000           
 0000           ; Digital PSoC block 10, Basic Type B
 0030           DBB10DR0:     equ 30h          ; data register 0                          (#)
 0031           DBB10DR1:     equ 31h          ; data register 1                          (W)
 0032           DBB10DR2:     equ 32h          ; data register 2                          (RW)
 0033           DBB10CR0:     equ 33h          ; control & status register 0              (#)
 0000           
 0000           ; Digital PSoC block 11, Basic Type B
 0034           DBB11DR0:     equ 34h          ; data register 0                          (#)
 0035           DBB11DR1:     equ 35h          ; data register 1                          (W)
 0036           DBB11DR2:     equ 36h          ; data register 2                          (RW)
 0037           DBB11CR0:     equ 37h          ; control & status register 0              (#)
 0000           
 0000           ; Digital PSoC block 12, Communications Type B
 0038           DCB12DR0:     equ 38h          ; data register 0                          (#)
 0039           DCB12DR1:     equ 39h          ; data register 1                          (W)
 003A           DCB12DR2:     equ 3Ah          ; data register 2                          (RW)
 003B           DCB12CR0:     equ 3Bh          ; control & status register 0              (#)
 0000           
 0000           ; Digital PSoC block 13, Communications Type B
 003C           DCB13DR0:     equ 3Ch          ; data register 0                          (#)
 003D           DCB13DR1:     equ 3Dh          ; data register 1                          (W)
 003E           DCB13DR2:     equ 3Eh          ; data register 2                          (RW)
 003F           DCB13CR0:     equ 3Fh          ; control & status register 0              (#)
 0000           
 0000           ; Digital PSoC block 20, Basic Type B
 0040           DBB20DR0:     equ 40h          ; data register 0                          (#)
 0041           DBB20DR1:     equ 41h          ; data register 1                          (W)
 0042           DBB20DR2:     equ 42h          ; data register 2                          (RW)
 0043           DBB20CR0:     equ 43h          ; control & status register 0              (#)
 0000           
 0000           ; Digital PSoC block 21, Basic Type B
 0044           DBB21DR0:     equ 44h          ; data register 0                          (#)
 0045           DBB21DR1:     equ 45h          ; data register 1                          (W)
 0046           DBB21DR2:     equ 46h          ; data register 2                          (RW)
 0047           DBB21CR0:     equ 47h          ; control & status register 0              (#)
 0000           
 0000           ; Digital PSoC block 22, Communications Type B
 0048           DCB22DR0:     equ 48h          ; data register 0                          (#)
 0049           DCB22DR1:     equ 49h          ; data register 1                          (W)
 004A           DCB22DR2:     equ 4Ah          ; data register 2                          (RW)
 004B           DCB22CR0:     equ 4Bh          ; control & status register 0              (#)
 0000           
 0000           ; Digital PSoC block 23, Communications Type B
 004C           DCB23DR0:     equ 4Ch          ; data register 0                          (#)
 004D           DCB23DR1:     equ 4Dh          ; data register 1                          (W)
 004E           DCB23DR2:     equ 4Eh          ; data register 2                          (RW)
 004F           DCB23CR0:     equ 4Fh          ; control & status register 0              (#)
 0000           
 0000           ; Digital PSoC block 30, Basic Type B
 0050           DBB30DR0:     equ 50h          ; data register 0                          (#)
 0051           DBB30DR1:     equ 51h          ; data register 1                          (W)
 0052           DBB30DR2:     equ 52h          ; data register 2                          (RW)
 0053           DBB30CR0:     equ 53h          ; control & status register 0              (#)
 0000           
 0000           ; Digital PSoC block 31, Basic Type B
 0054           DBB31DR0:     equ 54h          ; data register 0                          (#)
 0055           DBB31DR1:     equ 55h          ; data register 1                          (W)
 0056           DBB31DR2:     equ 56h          ; data register 2                          (RW)
 0057           DBB31CR0:     equ 57h          ; control & status register 0              (#)
 0000           
 0000           ; Digital PSoC block 32, Communications Type B
 0058           DCB32DR0:     equ 58h          ; data register 0                          (#)
 0059           DCB32DR1:     equ 59h          ; data register 1                          (W)
 005A           DCB32DR2:     equ 5Ah          ; data register 2                          (RW)
 005B           DCB32CR0:     equ 5Bh          ; control & status register 0              (#)
 0000           
 0000           ; Digital PSoC block 33, Communications Type B
 005C           DCB33DR0:     equ 5Ch          ; data register 0                          (#)
 005D           DCB33DR1:     equ 5Dh          ; data register 1                          (W)
 005E           DCB33DR2:     equ 5Eh          ; data register 2                          (RW)
 005F           DCB33CR0:     equ 5Fh          ; control & status register 0              (#)
 0000           
 0000           ;-------------------------------------
 0000           ;  Analog Resource Control Registers
 0000           ;-------------------------------------
 0060           AMX_IN:       equ 60h          ; Analog Input Multiplexor Control         (RW)
 00C0           AMX_IN_ACI3:          equ C0h    ; MASK: column 3 input mux
 0030           AMX_IN_ACI2:          equ 30h    ; MASK: column 2 input mux
 000C           AMX_IN_ACI1:          equ 0Ch    ; MASK: column 1 input mux
 0003           AMX_IN_ACI0:          equ 03h    ; MASK: column 0 input mux
 0000           
 0063           ARF_CR:       equ 63h          ; Analog Reference Control Register        (RW)
 0040           ARF_CR_HBE:           equ 40h    ; MASK: Bias level control
 0038           ARF_CR_REF:           equ 38h    ; MASK: Analog Reference controls
 0007           ARF_CR_REFPWR:        equ 07h    ; MASK: Analog Reference power
 0004           ARF_CR_APWR:          equ 04h    ; MASK: use deprecated; see datasheet
 0003           ARF_CR_SCPWR:         equ 03h    ; MASK: Switched Cap block power
 0000           
 0064           CMP_CR0:      equ 64h          ; Analog Comparator Bus 0 Register         (#)
 0080           CMP_CR0_COMP3:        equ 80h    ; MASK: Column 3 comparator state        (R)
 0040           CMP_CR0_COMP2:        equ 40h    ; MASK: Column 2 comparator state        (R)
 0020           CMP_CR0_COMP1:        equ 20h    ; MASK: Column 1 comparator state        (R)
 0010           CMP_CR0_COMP0:        equ 10h    ; MASK: Column 0 comparator state        (R)
 0008           CMP_CR0_AINT3:        equ 08h    ; MASK: Column 3 interrupt source        (RW)
 0004           CMP_CR0_AINT2:        equ 04h    ; MASK: Column 2 interrupt source        (RW)
 0002           CMP_CR0_AINT1:        equ 02h    ; MASK: Column 1 interrupt source        (RW)
 0001           CMP_CR0_AINT0:        equ 01h    ; MASK: Column 0 interrupt source        (RW)
 0000           
 0065           ASY_CR:       equ 65h          ; Analog Synchronizaton Control            (#)
 0070           ASY_CR_SARCOUNT:      equ 70h    ; MASK: SAR support: resolution count    (W)
 0008           ASY_CR_SARSIGN:       equ 08h    ; MASK: SAR support: sign                (RW)
 0006           ASY_CR_SARCOL:        equ 06h    ; MASK: SAR support: column spec         (RW)
 0001           ASY_CR_SYNCEN:        equ 01h    ; MASK: Stall bit                        (RW)
 0000           
 0066           CMP_CR1:      equ 66h          ; Analog Comparator Bus 1 Register         (RW)
 0080           CMP_CR1_ASYNCH3:      equ 80h    ; MASK: Column 3 comparator bus synch
 0040           CMP_CR1_ASYNCH2:      equ 40h    ; MASK: Column 2 comparator bus synch
 0020           CMP_CR1_ASYNCH1:      equ 20h    ; MASK: Column 1 comparator bus synch
 0010           CMP_CR1_ASYNCH0:      equ 10h    ; MASK: Column 0 comparator bus synch
 0000           
 0000           ;---------------------------------------------------
 0000           ;  Analog PSoC block Registers
 0000           ;
 0000           ;  Note: the following registers are mapped into
 0000           ;  both register bank 0 AND register bank 1.
 0000           ;---------------------------------------------------
 0000           
 0000           ; Continuous Time PSoC block Type B Row 0 Col 0
 0070           ACB00CR3:     equ 70h          ; Control register 3                       (RW)
 0071           ACB00CR0:     equ 71h          ; Control register 0                       (RW)
 0072           ACB00CR1:     equ 72h          ; Control register 1                       (RW)
 0073           ACB00CR2:     equ 73h          ; Control register 2                       (RW)
 0000           
 0000           ; Continuous Time PSoC block Type B Row 0 Col 1
 0074           ACB01CR3:     equ 74h          ; Control register 3                       (RW)
 0075           ACB01CR0:     equ 75h          ; Control register 0                       (RW)
 0076           ACB01CR1:     equ 76h          ; Control register 1                       (RW)
 0077           ACB01CR2:     equ 77h          ; Control register 2                       (RW)
 0000           
 0000           ; Continuous Time PSoC block Type B Row 0 Col 2
 0078           ACB02CR3:     equ 78h          ; Control register 3                       (RW)
 0079           ACB02CR0:     equ 79h          ; Control register 0                       (RW)
 007A           ACB02CR1:     equ 7Ah          ; Control register 1                       (RW)
 007B           ACB02CR2:     equ 7Bh          ; Control register 2                       (RW)
 0000           
 0000           ; Continuous Time PSoC block Type B Row 0 Col 3
 007C           ACB03CR3:     equ 7Ch          ; Control register 3                       (RW)
 007D           ACB03CR0:     equ 7Dh          ; Control register 0                       (RW)
 007E           ACB03CR1:     equ 7Eh          ; Control register 1                       (RW)
 007F           ACB03CR2:     equ 7Fh          ; Control register 2                       (RW)
 0000           
 0000           ; Switched Cap PSoC blockType C Row 1 Col 0
 0080           ASC10CR0:     equ 80h          ; Control register 0                       (RW)
 0081           ASC10CR1:     equ 81h          ; Control register 1                       (RW)
 0082           ASC10CR2:     equ 82h          ; Control register 2                       (RW)
 0083           ASC10CR3:     equ 83h          ; Control register 3                       (RW)
 0000           
 0000           ; Switched Cap PSoC blockType D Row 1 Col 1
 0084           ASD11CR0:     equ 84h          ; Control register 0                       (RW)
 0085           ASD11CR1:     equ 85h          ; Control register 1                       (RW)
 0086           ASD11CR2:     equ 86h          ; Control register 2                       (RW)
 0087           ASD11CR3:     equ 87h          ; Control register 3                       (RW)
 0000           
 0000           ; Switched Cap PSoC blockType C Row 1 Col 2
 0088           ASC12CR0:     equ 88h          ; Control register 0                       (RW)
 0089           ASC12CR1:     equ 89h          ; Control register 1                       (RW)
 008A           ASC12CR2:     equ 8Ah          ; Control register 2                       (RW)
 008B           ASC12CR3:     equ 8Bh          ; Control register 3                       (RW)
 0000           
 0000           ; Switched Cap PSoC blockType D Row 1 Col 3
 008C           ASD13CR0:     equ 8Ch          ; Control register 0                       (RW)
 008D           ASD13CR1:     equ 8Dh          ; Control register 1                       (RW)
 008E           ASD13CR2:     equ 8Eh          ; Control register 2                       (RW)
 008F           ASD13CR3:     equ 8Fh          ; Control register 3                       (RW)
 0000           
 0000           ; Switched Cap PSoC blockType D Row 2 Col 0
 0090           ASD20CR0:     equ 90h          ; Control register 0                       (RW)
 0091           ASD20CR1:     equ 91h          ; Control register 1                       (RW)
 0092           ASD20CR2:     equ 92h          ; Control register 2                       (RW)
 0093           ASD20CR3:     equ 93h          ; Control register 3                       (RW)
 0000           
 0000           ; Switched Cap PSoC blockType C Row 2 Col 1
 0094           ASC21CR0:     equ 94h          ; Control register 0                       (RW)
 0095           ASC21CR1:     equ 95h          ; Control register 1                       (RW)
 0096           ASC21CR2:     equ 96h          ; Control register 2                       (RW)
 0097           ASC21CR3:     equ 97h          ; Control register 3                       (RW)
 0000           
 0000           ; Switched Cap PSoC blockType D Row 2 Col 2
 0098           ASD22CR0:     equ 98h          ; Control register 0                       (RW)
 0099           ASD22CR1:     equ 99h          ; Control register 1                       (RW)
 009A           ASD22CR2:     equ 9Ah          ; Control register 2                       (RW)
 009B           ASD22CR3:     equ 9Bh          ; Control register 3                       (RW)
 0000           
 0000           ; Switched Cap PSoC blockType C Row 2 Col 3
 009C           ASC23CR0:     equ 9Ch          ; Control register 0                       (RW)
 009D           ASC23CR1:     equ 9Dh          ; Control register 1                       (RW)
 009E           ASC23CR2:     equ 9Eh          ; Control register 2                       (RW)
 009F           ASC23CR3:     equ 9Fh          ; Control register 3                       (RW)
 0000           
 0000           ;-----------------------------------------------
 0000           ;  Global General Purpose Data Registers
 0000           ;-----------------------------------------------
 006C           TMP0_DR:      equ 6Ch          ; deprecated do not use
 006D           TMP1_DR:      equ 6Dh          ; deprecated do not use
 006E           TMP2_DR:      equ 6Eh          ; deprecated do not use
 006F           TMP3_DR:      equ 6Fh          ; deprecated do not use
 0000           
 006C           TMP_DR0:      equ 6Ch          ; Temporary Data Register 0                (RW)
 006D           TMP_DR1:      equ 6Dh          ; Temporary Data Register 1                (RW)
 006E           TMP_DR2:      equ 6Eh          ; Temporary Data Register 2                (RW)
 006F           TMP_DR3:      equ 6Fh          ; Temporary Data Register 3                (RW)
 0000           
 0000           ;------------------------------------------------
 0000           ;  Row Digital Interconnects
 0000           ;
 0000           ;  Note: the following registers are mapped into
 0000           ;  both register bank 0 AND register bank 1.
 0000           ;------------------------------------------------
 0000           
 00B0           RDI0RI:       equ B0h          ; Row Digital Interconnect Row 0 Input Reg (RW)
 00B1           RDI0SYN:      equ B1h          ; Row Digital Interconnect Row 0 Sync Reg  (RW)
 00B2           RDI0IS:       equ B2h          ; Row 0 Input Select Register              (RW)
 00B3           RDI0LT0:      equ B3h          ; Row 0 Look Up Table Register 0           (RW)
 00B4           RDI0LT1:      equ B4h          ; Row 0 Look Up Table Register 1           (RW)
 00B5           RDI0RO0:      equ B5h          ; Row 0 Output Register 0                  (RW)
 00B6           RDI0RO1:      equ B6h          ; Row 0 Output Register 1                  (RW)
 0000           
 00B8           RDI1RI:       equ B8h          ; Row Digital Interconnect Row 1 Input Reg (RW)
 00B9           RDI1SYN:      equ B9h          ; Row Digital Interconnect Row 1 Sync Reg  (RW)
 00BA           RDI1IS:       equ BAh          ; Row 1 Input Select Register              (RW)
 00BB           RDI1LT0:      equ BBh          ; Row 1 Look Up Table Register 0           (RW)
 00BC           RDI1LT1:      equ BCh          ; Row 1 Look Up Table Register 1           (RW)
 00BD           RDI1RO0:      equ BDh          ; Row 1 Output Register 0                  (RW)
 00BE           RDI1RO1:      equ BEh          ; Row 1 Output Register 1                  (RW)
 0000           
 00C0           RDI2RI:       equ C0h          ; Row Digital Interconnect Row 2 Input Reg (RW)
 00C1           RDI2SYN:      equ C1h          ; Row Digital Interconnect Row 2 Sync Reg  (RW)
 00C2           RDI2IS:       equ C2h          ; Row 2 Input Select Register              (RW)
 00C3           RDI2LT0:      equ C3h          ; Row 2 Look Up Table Register 0           (RW)
 00C4           RDI2LT1:      equ C4h          ; Row 2 Look Up Table Register 1           (RW)
 00C5           RDI2RO0:      equ C5h          ; Row 2 Output Register 0                  (RW)
 00C6           RDI2RO1:      equ C6h          ; Row 2 Output Register 1                  (RW)
 0000           
 00C8           RDI3RI:       equ C8h          ; Row Digital Interconnect Row 3 Input Reg (RW)
 00C9           RDI3SYN:      equ C9h          ; Row Digital Interconnect Row 3 Sync Reg  (RW)
 00CA           RDI3IS:       equ CAh          ; Row 3 Input Select Register              (RW)
 00CB           RDI3LT0:      equ CBh          ; Row 3 Look Up Table Register 0           (RW)
 00CC           RDI3LT1:      equ CCh          ; Row 3 Look Up Table Register 1           (RW)
 00CD           RDI3RO0:      equ CDh          ; Row 3 Output Register 0                  (RW)
 00CE           RDI3RO1:      equ CEh          ; Row 3 Output Register 1                  (RW)
 0000           
 0000           ;-----------------------------------------------
 0000           ;  Ram Page Pointers
 0000           ;-----------------------------------------------
 00D0           CUR_PP:      equ D0h           ; Current   Page Pointer
 00D1           STK_PP:      equ D1h           ; Stack     Page Pointer
 00D3           IDX_PP:      equ D3h           ; Index     Page Pointer
 00D4           MVR_PP:      equ D4h           ; MVI Read  Page Pointer
 00D5           MVW_PP:      equ D5h           ; MVI Write Page Pointer
 0000           
 0000           ;------------------------------------------------
 0000           ;  I2C Configuration Registers
 0000           ;------------------------------------------------
 00D6           I2C_CFG:      equ D6h          ; I2C Configuration Register               (RW)
 0040           I2C_CFG_PINSEL:         equ 40h  ; MASK: Select P1[0] and P1[1] for I2C
 0020           I2C_CFG_BUSERR_IE:      equ 20h  ; MASK: Enable interrupt on Bus Error
 0010           I2C_CFG_STOP_IE:        equ 10h  ; MASK: Enable interrupt on Stop
 0000           I2C_CFG_CLK_RATE_100K:  equ 00h  ; MASK: I2C clock set at 100K
 0004           I2C_CFG_CLK_RATE_400K:  equ 04h  ; MASK: I2C clock set at 400K
 0008           I2C_CFG_CLK_RATE_50K:   equ 08h  ; MASK: I2C clock set at 50K
 000C           I2C_CFG_CLK_RATE_1M6:   equ 0Ch  ; MASK: I2C clock set at 1.6M
 000C           I2C_CFG_CLK_RATE:       equ 0Ch  ; MASK: I2C clock rate setting mask
 0002           I2C_CFG_PSELECT_MASTER: equ 02h  ; MASK: Enable I2C Master
 0001           I2C_CFG_PSELECT_SLAVE:  equ 01h  ; MASK: Enable I2C Slave
 0000           
 00D7           I2C_SCR:      equ D7h          ; I2C Status and Control Register          (#)
 0080           I2C_SCR_BUSERR:        equ 80h   ; MASK: I2C Bus Error detected           (RC)
 0040           I2C_SCR_LOSTARB:       equ 40h   ; MASK: I2C Arbitration lost             (RC)
 0020           I2C_SCR_STOP:          equ 20h   ; MASK: I2C Stop detected                (RC)
 0010           I2C_SCR_ACK:           equ 10h   ; MASK: ACK the last byte                (RW)
 0008           I2C_SCR_ADDR:          equ 08h   ; MASK: Address rcv'd is Slave address   (RC)
 0004           I2C_SCR_XMIT:          equ 04h   ; MASK: Set transfer to tranmit mode     (RW)
 0002           I2C_SCR_LRB:           equ 02h   ; MASK: Last recieved bit                (RC)
 0001           I2C_SCR_BYTECOMPLETE:  equ 01h   ; MASK: Transfer of byte complete        (RC)
 0000           
 00D8           I2C_DR:       equ D8h          ; I2C Data Register                        (RW)
 0000           
 00D9           I2C_MSCR:     equ D9h          ; I2C Master Status and Control Register   (#)
 0008           I2C_MSCR_BUSY:         equ 08h   ; MASK: I2C Busy (Start detected)        (R)
 0004           I2C_MSCR_MODE:         equ 04h   ; MASK: Start has been generated         (R)
 0002           I2C_MSCR_RESTART:      equ 02h   ; MASK: Generate a Restart condition     (RW)
 0001           I2C_MSCR_START:        equ 01h   ; MASK: Generate a Start condition       (RW)
 0000           
 0000           ;------------------------------------------------
 0000           ;  System and Global Resource Registers
 0000           ;------------------------------------------------
 00DA           INT_CLR0:     equ DAh          ; Interrupt Clear Register 0               (RW)
 0000                                          ; Use INT_MSK0 bit field masks
 00DB           INT_CLR1:     equ DBh          ; Interrupt Clear Register 1               (RW)
 0000                                          ; Use INT_MSK1 bit field masks
 00DC           INT_CLR2:     equ DCh          ; Interrupt Clear Register 2               (RW)
 0000                                          ; Use INT_MSK2 bit field masks
 00DD           INT_CLR3:     equ DDh          ; Interrupt Clear Register 3               (RW)
 0000                                          ; Use INT_MSK3 bit field masks
 0000           
 00DE           INT_MSK3:     equ DEh          ; I2C and Software Mask Register           (RW)
 0080           INT_MSK3_ENSWINT:          equ 80h ; MASK: enable/disable SW interrupt
 0001           INT_MSK3_I2C:              equ 01h ; MASK: enable/disable I2C interrupt
 0000           
 00DF           INT_MSK2:     equ DFh          ; Digital PSoC block Mask Register         (RW)
 0080           INT_MSK2_DCB33:            equ 80h ; MASK: enable/disable DCB33 block interrupt
 0040           INT_MSK2_DCB32:            equ 40h ; MASK: enable/disable DCB32 block interrupt
 0020           INT_MSK2_DBB31:            equ 20h ; MASK: enable/disable DBB31 block interrupt
 0010           INT_MSK2_DBB30:            equ 10h ; MASK: enable/disable DBB30 block interrupt
 0008           INT_MSK2_DCB23:            equ 08h ; MASK: enable/disable DCB23 block interrupt
 0004           INT_MSK2_DCB22:            equ 04h ; MASK: enable/disable DCB22 block interrupt
 0002           INT_MSK2_DBB21:            equ 02h ; MASK: enable/disable DBB21 block interrupt
 0001           INT_MSK2_DBB20:            equ 01h ; MASK: enable/disable DBB20 block interrupt
 0000           
 00E0           INT_MSK0:     equ E0h          ; General Interrupt Mask Register          (RW)
 0080           INT_MSK0_VC3:              equ 80h ; MASK: enable/disable VC3 interrupt
 0040           INT_MSK0_SLEEP:            equ 40h ; MASK: enable/disable sleep interrupt
 0020           INT_MSK0_GPIO:             equ 20h ; MASK: enable/disable GPIO  interrupt
 0010           INT_MSK0_ACOLUMN_3:        equ 10h ; MASK: enable/disable Analog col 3 interrupt
 0008           INT_MSK0_ACOLUMN_2:        equ 08h ; MASK: enable/disable Analog col 2 interrupt
 0004           INT_MSK0_ACOLUMN_1:        equ 04h ; MASK: enable/disable Analog col 1 interrupt
 0002           INT_MSK0_ACOLUMN_0:        equ 02h ; MASK: enable/disable Analog col 0 interrupt
 0001           INT_MSK0_VOLTAGE_MONITOR:  equ 01h ; MASK: enable/disable Volts interrupt
 0000           
 00E1           INT_MSK1:     equ E1h          ; Digital PSoC block Mask Register         (RW)
 0080           INT_MSK1_DCB13:            equ 80h ; MASK: enable/disable DCB13 block interrupt
 0040           INT_MSK1_DCB12:            equ 40h ; MASK: enable/disable DCB12 block interrupt
 0020           INT_MSK1_DBB11:            equ 20h ; MASK: enable/disable DBB11 block interrupt
 0010           INT_MSK1_DBB10:            equ 10h ; MASK: enable/disable DBB10 block interrupt
 0008           INT_MSK1_DCB03:            equ 08h ; MASK: enable/disable DCB03 block interrupt
 0004           INT_MSK1_DCB02:            equ 04h ; MASK: enable/disable DCB02 block interrupt
 0002           INT_MSK1_DBB01:            equ 02h ; MASK: enable/disable DBB01 block interrupt
 0001           INT_MSK1_DBB00:            equ 01h ; MASK: enable/disable DBB00 block interrupt
 0000           
 00E2           INT_VC:       equ E2h          ; Interrupt vector register                (RC)
 00E3           RES_WDT:      equ E3h          ; Watch Dog Timer Register                 (W)
 0000           
 0000           ; DECIMATOR Registers
 00E4           DEC_DH:       equ E4h          ; Data Register (high byte)                (RC)
 00E5           DEC_DL:       equ E5h          ; Data Register ( low byte)                (RC)
 00E6           DEC_CR0:      equ E6h          ; Data Control Register 0                  (RW)
 00E7           DEC_CR1:      equ E7h          ; Data Control Register 1                  (RW)
 0000                                          ; Also see DEC_CR2 in bank 1
 0000           
 0000           ; Multiplier and MAC (Multiply/Accumulate) Unit
 0000           //   Compatibility Set: Maps onto MAC0
 00E8           MUL_X:        equ E8h          ; Multiplier X Register (write)            (W)
 00E9           MUL_Y:        equ E9h          ; Multiplier Y Register (write)            (W)
 00EA           MUL_DH:       equ EAh          ; Multiplier Result Data (high byte read)  (R)
 00EB           MUL_DL:       equ EBh          ; Multiplier Result Data ( low byte read)  (R)
 00EC           MAC_X:        equ ECh          ; write = MAC X register [also see ACC_DR1]
 00EC           ACC_DR1:      equ MAC_X        ; read =  MAC Accumulator, byte 1          (RW)
 00ED           MAC_Y:        equ EDh          ; write = MAC Y register [also see ACC_DR0]
 00ED           ACC_DR0:      equ MAC_Y        ; read =  MAC Accumulator, byte 0          (RW)
 00EE           MAC_CL0:      equ EEh          ; write = MAC Clear Accum [also see ACC_DR3]
 00EE           ACC_DR3:      equ MAC_CL0      ; read =  MAC Accumulator, byte 3          (RW)
 00EF           MAC_CL1:      equ EFh          ; write = MAC Clear Accum [also see ACC_DR2]
 00EF           ACC_DR2:      equ MAC_CL1      ; read =  MAC Accumulator, byte 2          (RW)
 0000           
 0000           // Multiply/Accumulate Unit 0
 00E8           MUL0_X:       equ E8h          ; Multiplier 0 X Register (write)          (W)
 00E9           MUL0_Y:       equ E9h          ; Multiplier 0 Y Register (write)          (W)
 00EA           MUL0_DH:      equ EAh          ; Multiplier 0 Result Data (high byte read)(R)
 00EB           MUL0_DL:      equ EBh          ; Multiplier 0 Result Data ( low byte read)(R)
 00EC           MAC0_X:       equ ECh          ; write = MAC 0 X register [also see ACC_DR1]
 00EC           ACC0_DR1:     equ MAC0_X       ; read =  MAC 0 Accumulator, byte 1        (RW)
 00ED           MAC0_Y:       equ EDh          ; write = MAC 0 Y register [also see ACC_DR0]
 00ED           ACC0_DR0:     equ MAC0_Y       ; read =  MAC 0 Accumulator, byte 0        (RW)
 00EE           MAC0_CL0:     equ EEh          ; write = MAC 0 Clear Accum [also see ACC_DR3]
 00EE           ACC0_DR3:     equ MAC0_CL0     ; read =  MAC 0 Accumulator, byte 3        (RW)
 00EF           MAC0_CL1:     equ EFh          ; write = MAC 0 Clear Accum [also see ACC_DR2]
 00EF           ACC0_DR2:     equ MAC0_CL1     ; read =  MAC 0 Accumulator, byte 2        (RW)
 0000           
 0000           // Multiply/Accumulate Unit 1
 00A8           MUL1_X:       equ A8h          ; Multiplier 1 X Register (write)          (W)
 00A9           MUL1_Y:       equ A9h          ; Multiplier 1 Y Register (write)          (W)
 00AA           MUL1_DH:      equ AAh          ; Multiplier 1 Result Data (high byte read)(R)
 00AB           MUL1_DL:      equ ABh          ; Multiplier 1 Result Data ( low byte read)(R)
 00AC           MAC1_X:       equ ACh          ; write = MAC 1 X register [also see ACC_DR1]
 00AC           ACC1_DR1:     equ MAC1_X       ; read =  MAC 1 Accumulator, byte 1        (RW)
 00AD           MAC1_Y:       equ ADh          ; write = MAC 1 Y register [also see ACC_DR0]
 00AD           ACC1_DR0:     equ MAC1_Y       ; read =  MAC 1 Accumulator, byte 0        (RW)
 00AE           MAC1_CL0:     equ AEh          ; write = MAC 1 Clear Accum [also see ACC_DR3]
 00AE           ACC1_DR3:     equ MAC1_CL0     ; read =  MAC 1 Accumulator, byte 3        (RW)
 00AF           MAC1_CL1:     equ AFh          ; write = MAC 1 Clear Accum [also see ACC_DR2]
 00AF           ACC1_DR2:     equ MAC1_CL1     ; read =  MAC 1 Accumulator, byte 2        (RW)
 0000           
 0000           ;------------------------------------------------------
 0000           ;  System Status and Control Registers
 0000           ;
 0000           ;  Note: The following registers are mapped into both
 0000           ;        register bank 0 AND register bank 1.
 0000           ;------------------------------------------------------
 00F7           CPU_F:        equ F7h          ; CPU Flag Register Access                 (RO)
 0000                                              ; Use FLAG_ masks defined at top of file
 0000           
 00FE           CPU_SCR1:     equ FEh          ; CPU Status and Control Register #1       (#)
 0080           CPU_SCR1_IRESS:         equ 80h    ; MASK: Boot Phase Re-entry bit
 0010           CPU_SCR1_SLIMO:         equ 10h    ; MASK: Slow Main Oscillator Mode
 0008           CPU_SCR1_ECO_ALWD_WR:   equ 08h    ; MASK: flag, ECO allowed has been written
 0004           CPU_SCR1_ECO_ALLOWED:   equ 04h    ; MASK: ECO allowed to be enabled
 0001           CPU_SCR1_IRAMDIS:       equ 01h    ; MASK: Disable RAM initialization on WDR
 0000           
 00FF           CPU_SCR0:     equ FFh          ; CPU Status and Control Register #2       (#)
 0080           CPU_SCR0_GIE_MASK:      equ 80h    ; MASK: Global Interrupt Enable shadow
 0020           CPU_SCR0_WDRS_MASK:     equ 20h    ; MASK: Watch Dog Timer Reset
 0010           CPU_SCR0_PORS_MASK:     equ 10h    ; MASK: power-on reset bit PORS
 0008           CPU_SCR0_SLEEP_MASK:    equ 08h    ; MASK: Enable Sleep
 0001           CPU_SCR0_STOP_MASK:     equ 01h    ; MASK: Halt CPU bit
 0000           
 0000           
 0000           ;;=============================================================================
 0000           ;;      Register Space, Bank 1
 0000           ;;=============================================================================
 0000           
 0000           ;------------------------------------------------
 0000           ;  Port Registers
 0000           ;  Note: Also see this address range in Bank 0.
 0000           ;------------------------------------------------
 0000           ; Port 0
 0000           PRT0DM0:      equ 00h          ; Port 0 Drive Mode 0                      (RW)
 0001           PRT0DM1:      equ 01h          ; Port 0 Drive Mode 1                      (RW)
 0002           PRT0IC0:      equ 02h          ; Port 0 Interrupt Control 0               (RW)
 0003           PRT0IC1:      equ 03h          ; Port 0 Interrupt Control 1               (RW)
 0000           
 0000           ; Port 1
 0004           PRT1DM0:      equ 04h          ; Port 1 Drive Mode 0                      (RW)
 0005           PRT1DM1:      equ 05h          ; Port 1 Drive Mode 1                      (RW)
 0006           PRT1IC0:      equ 06h          ; Port 1 Interrupt Control 0               (RW)
 0007           PRT1IC1:      equ 07h          ; Port 1 Interrupt Control 1               (RW)
 0000           
 0000           ; Port 2
 0008           PRT2DM0:      equ 08h          ; Port 2 Drive Mode 0                      (RW)
 0009           PRT2DM1:      equ 09h          ; Port 2 Drive Mode 1                      (RW)
 000A           PRT2IC0:      equ 0Ah          ; Port 2 Interrupt Control 0               (RW)
 000B           PRT2IC1:      equ 0Bh          ; Port 2 Interrupt Control 1               (RW)
 0000           
 0000           ; Port 3
 000C           PRT3DM0:      equ 0Ch          ; Port 3 Drive Mode 0                      (RW)
 000D           PRT3DM1:      equ 0Dh          ; Port 3 Drive Mode 1                      (RW)
 000E           PRT3IC0:      equ 0Eh          ; Port 3 Interrupt Control 0               (RW)
 000F           PRT3IC1:      equ 0Fh          ; Port 3 Interrupt Control 1               (RW)
 0000           
 0000           ; Port 4
 0010           PRT4DM0:      equ 10h          ; Port 4 Drive Mode 0                      (RW)
 0011           PRT4DM1:      equ 11h          ; Port 4 Drive Mode 1                      (RW)
 0012           PRT4IC0:      equ 12h          ; Port 4 Interrupt Control 0               (RW)
 0013           PRT4IC1:      equ 13h          ; Port 4 Interrupt Control 1               (RW)
 0000           
 0000           ; Port 5
 0014           PRT5DM0:      equ 14h          ; Port 5 Drive Mode 0                      (RW)
 0015           PRT5DM1:      equ 15h          ; Port 5 Drive Mode 1                      (RW)
 0016           PRT5IC0:      equ 16h          ; Port 5 Interrupt Control 0               (RW)
 0017           PRT5IC1:      equ 17h          ; Port 5 Interrupt Control 1               (RW)
 0000           
 0000           ; Port 6
 0018           PRT6DM0:      equ 18h          ; Port 6 Drive Mode 0                      (RW)
 0019           PRT6DM1:      equ 19h          ; Port 6 Drive Mode 1                      (RW)
 001A           PRT6IC0:      equ 1Ah          ; Port 6 Interrupt Control 0               (RW)
 001B           PRT6IC1:      equ 1Bh          ; Port 6 Interrupt Control 1               (RW)
 0000           
 0000           ; Port 7
 001C           PRT7DM0:      equ 1Ch          ; Port 7 Drive Mode 0                      (RW)
 001D           PRT7DM1:      equ 1Dh          ; Port 7 Drive Mode 1                      (RW)
 001E           PRT7IC0:      equ 1Eh          ; Port 7 Interrupt Control 0               (RW)
 001F           PRT7IC1:      equ 1Fh          ; Port 7 Interrupt Control 1               (RW)
 0000           
 0000           ;------------------------------------------------
 0000           ;  Digital PSoC(tm) block Registers
 0000           ;  Note: Also see this address range in Bank 0.
 0000           ;------------------------------------------------
 0000           
 0000           ; Digital PSoC block 00, Basic Type B
 0020           DBB00FN:      equ 20h          ; Function Register                        (RW)
 0021           DBB00IN:      equ 21h          ;    Input Register                        (RW)
 0022           DBB00OU:      equ 22h          ;   Output Register                        (RW)
 0000           
 0000           ; Digital PSoC block 01, Basic Type B
 0024           DBB01FN:      equ 24h          ; Function Register                        (RW)
 0025           DBB01IN:      equ 25h          ;    Input Register                        (RW)
 0026           DBB01OU:      equ 26h          ;   Output Register                        (RW)
 0000           
 0000           ; Digital PSoC block 02, Communications Type B
 0028           DCB02FN:      equ 28h          ; Function Register                        (RW)
 0029           DCB02IN:      equ 29h          ;    Input Register                        (RW)
 002A           DCB02OU:      equ 2Ah          ;   Output Register                        (RW)
 0000           
 0000           ; Digital PSoC block 03, Communications Type B
 002C           DCB03FN:      equ 2Ch          ; Function Register                        (RW)
 002D           DCB03IN:      equ 2Dh          ;    Input Register                        (RW)
 002E           DCB03OU:      equ 2Eh          ;   Output Register                        (RW)
 0000           
 0000           ; Digital PSoC block 10, Basic Type B
 0030           DBB10FN:      equ 30h          ; Function Register                        (RW)
 0031           DBB10IN:      equ 31h          ;    Input Register                        (RW)
 0032           DBB10OU:      equ 32h          ;   Output Register                        (RW)
 0000           
 0000           ; Digital PSoC block 11, Basic Type B
 0034           DBB11FN:      equ 34h          ; Function Register                        (RW)
 0035           DBB11IN:      equ 35h          ;    Input Register                        (RW)
 0036           DBB11OU:      equ 36h          ;   Output Register                        (RW)
 0000           
 0000           ; Digital PSoC block 12, Communications Type B
 0038           DCB12FN:      equ 38h          ; Function Register                        (RW)
 0039           DCB12IN:      equ 39h          ;    Input Register                        (RW)
 003A           DCB12OU:      equ 3Ah          ;   Output Register                        (RW)
 0000           
 0000           ; Digital PSoC block 13, Communications Type B
 003C           DCB13FN:      equ 3Ch          ; Function Register                        (RW)
 003D           DCB13IN:      equ 3Dh          ;    Input Register                        (RW)
 003E           DCB13OU:      equ 3Eh          ;   Output Register                        (RW)
 0000           
 0000           ; Digital PSoC block 20, Basic Type B
 0040           DBB20FN:      equ 40h          ; Function Register                        (RW)
 0041           DBB20IN:      equ 41h          ;    Input Register                        (RW)
 0042           DBB20OU:      equ 42h          ;   Output Register                        (RW)
 0000           
 0000           ; Digital PSoC block 21, Basic Type B
 0044           DBB21FN:      equ 44h          ; Function Register                        (RW)
 0045           DBB21IN:      equ 45h          ;    Input Register                        (RW)
 0046           DBB21OU:      equ 46h          ;   Output Register                        (RW)
 0000           
 0000           ; Digital PSoC block 22, Communications Type B
 0048           DCB22FN:      equ 48h          ; Function Register                        (RW)
 0049           DCB22IN:      equ 49h          ;    Input Register                        (RW)
 004A           DCB22OU:      equ 4Ah          ;   Output Register                        (RW)
 0000           
 0000           ; Digital PSoC block 23, Communications Type B
 004C           DCB23FN:      equ 4Ch          ; Function Register                        (RW)
 004D           DCB23IN:      equ 4Dh          ;    Input Register                        (RW)
 004E           DCB23OU:      equ 4Eh          ;   Output Register                        (RW)
 0000           
 0000           ; Digital PSoC block 30, Basic Type B
 0050           DBB30FN:      equ 50h          ; Function Register                        (RW)
 0051           DBB30IN:      equ 51h          ;    Input Register                        (RW)
 0052           DBB30OU:      equ 52h          ;   Output Register                        (RW)
 0000           
 0000           ; Digital PSoC block 31, Basic Type B
 0054           DBB31FN:      equ 54h          ; Function Register                        (RW)
 0055           DBB31IN:      equ 55h          ;    Input Register                        (RW)
 0056           DBB31OU:      equ 56h          ;   Output Register                        (RW)
 0000           
 0000           ; Digital PSoC block 32, Communications Type B
 0058           DCB32FN:      equ 58h          ; Function Register                        (RW)
 0059           DCB32IN:      equ 59h          ;    Input Register                        (RW)
 005A           DCB32OU:      equ 5Ah          ;   Output Register                        (RW)
 0000           
 0000           ; Digital PSoC block 33, Communications Type B
 005C           DCB33FN:      equ 5Ch          ; Function Register                        (RW)
 005D           DCB33IN:      equ 5Dh          ;    Input Register                        (RW)
 005E           DCB33OU:      equ 5Eh          ;   Output Register                        (RW)
 0000           
 0000           ;------------------------------------------------
 0000           ;  System and Global Resource Registers
 0000           ;  Note: Also see this address range in Bank 0.
 0000           ;------------------------------------------------
 0000           
 0060           CLK_CR0:      equ 60h          ; Analog Column Clock Select Register 0    (RW)
 00C0           CLK_CR0_ACOLUMN_3:    equ C0h    ; MASK: Specify clock for analog cloumn
 0030           CLK_CR0_ACOLUMN_2:    equ 30h    ; MASK: Specify clock for analog cloumn
 000C           CLK_CR0_ACOLUMN_1:    equ 0Ch    ; MASK: Specify clock for analog cloumn
 0003           CLK_CR0_ACOLUMN_0:    equ 03h    ; MASK: Specify clock for analog cloumn
 0000           
 0061           CLK_CR1:      equ 61h          ; Analog Clock Source Select Register 1    (RW)
 0040           CLK_CR1_SHDIS:        equ 40h    ; MASK: Sample and Hold Disable (all Columns)
 0038           CLK_CR1_ACLK1:        equ 38h    ; MASK: Digital PSoC block for analog source
 0007           CLK_CR1_ACLK2:        equ 07h    ; MASK: Digital PSoC block for analog source
 0000           
 0062           ABF_CR0:      equ 62h          ; Analog Output Buffer Control Register 0  (RW)
 0080           ABF_CR0_ACOL1MUX:     equ 80h    ; MASK: Analog Column 1 Mux control
 0040           ABF_CR0_ACOL2MUX:     equ 40h    ; MASK: Analog Column 2 Mux control
 0020           ABF_CR0_ABUF1EN:      equ 20h    ; MASK: Enable ACol 1 analog buffer (P0[5])
 0010           ABF_CR0_ABUF2EN:      equ 10h    ; MASK: Enable ACol 2 analog buffer (P0[4])
 0008           ABF_CR0_ABUF0EN:      equ 08h    ; MASK: Enable ACol 0 analog buffer (P0[3])
 0004           ABF_CR0_ABUF3EN:      equ 04h    ; MASK: Enable ACol 3 analog buffer (P0[2])
 0002           ABF_CR0_BYPASS:       equ 02h    ; MASK: Bypass the analog buffers
 0001           ABF_CR0_PWR:          equ 01h    ; MASK: High power mode on all analog buffers
 0000           
 0063           AMD_CR0:      equ 63h          ; Analog Modulator Control Register 0      (RW)
 0070           AMD_CR0_AMOD2:        equ 70h    ; MASK: Modulation source for analog column 2
 0007           AMD_CR0_AMOD0:        equ 07h    ; MASK: Modulation source for analog column 1
 0000           
 0066           AMD_CR1:      equ 66h          ; Analog Modulator Control Register 1      (RW)
 0070           AMD_CR1_AMOD3:        equ 70h    ; MASK: Modulation ctrl for analog column 3
 0007           AMD_CR1_AMOD1:        equ 07h    ; MASK: Modulation ctrl for analog column 1
 0000           
 0067           ALT_CR0:      equ 67h          ; Analog Look Up Table (LUT) Register 0    (RW)
 00F0           ALT_CR0_LUT1:         equ F0h    ; MASK: Look up table 1 selection
 000F           ALT_CR0_LUT0:         equ 0Fh    ; MASK: Look up table 0 selection
 0000           
 0068           ALT_CR1:      equ 68h          ; Analog Look Up Table (LUT) Register 1    (RW)
 00F0           ALT_CR1_LUT3:         equ F0h    ; MASK: Look up table 3 selection
 000F           ALT_CR1_LUT2:         equ 0Fh    ; MASK: Look up table 2 selection
 0000           
 0069           CLK_CR2:      equ 69h          ; Analog Clock Source Control Register 2   (RW)
 0008           CLK_CR2_ACLK1R:       equ 08h    ; MASK: Analog Clock 1 selection range
 0001           CLK_CR2_ACLK0R:       equ 01h    ; MASK: Analog Clock 0 selection range
 0000           
 0000           ;------------------------------------------------
 0000           ;  Global Digital Interconnects
 0000           ;------------------------------------------------
 0000           
 00D0           GDI_O_IN:     equ D0h          ; Global Dig Interconnect Odd Inputs Reg   (RW)
 00D1           GDI_E_IN:     equ D1h          ; Global Dig Interconnect Even Inputs Reg  (RW)
 00D2           GDI_O_OU:     equ D2h          ; Global Dig Interconnect Odd Outputs Reg  (RW)
 00D3           GDI_E_OU:     equ D3h          ; Global Dig Interconnect Even Outputs Reg (RW)
 0000           
 0000           ;------------------------------------------------
 0000           ;  Clock and System Control Registers
 0000           ;------------------------------------------------
 0000           
 00DD           OSC_GO_EN:    equ DDh          ; Oscillator to Global Outputs Enable Register (RW)
 0080           OSC_GOEN_SLPINT:      equ 80h	 ; Enable Sleep Timer onto GOE[7]
 0040           OSC_GOEN_VC3:         equ 40h    ; Enable VC3 onto GOE[6]
 0020           OSC_GOEN_VC2:         equ 20h    ; Enable VC2 onto GOE[5]
 0010           OSC_GOEN_VC1:         equ 10h    ; Enable VC1 onto GOE[4]
 0008           OSC_GOEN_SYSCLKX2:    equ 08h    ; Enable 2X SysClk onto GOE[3]
 0004           OSC_GOEN_SYSCLK:      equ 04h    ; Enable 1X SysClk onto GOE[2]
 0002           OSC_GOEN_CLK24M:      equ 02h    ; Enable 24 MHz clock onto GOE[1]
 0001           OSC_GOEN_CLK32K:      equ 01h    ; Enable 32 kHz clock onto GOE[0]
 0000           
 00DE           OSC_CR4:      equ DEh          ; Oscillator Control Register 4            (RW)
 0003           OSC_CR4_VC3:          equ 03h    ; MASK: System VC3 Clock source
 0000           
 00DF           OSC_CR3:      equ DFh          ; Oscillator Control Register 3            (RW)
 0000           
 00E0           OSC_CR0:      equ E0h          ; System Oscillator Control Register 0     (RW)
 0080           OSC_CR0_32K_SELECT:   equ 80h    ; MASK: Enable/Disable External XTAL Osc
 0040           OSC_CR0_PLL_MODE:     equ 40h    ; MASK: Enable/Disable PLL
 0020           OSC_CR0_NO_BUZZ:      equ 20h    ; MASK: Bandgap always powered/BUZZ bandgap
 0018           OSC_CR0_SLEEP:        equ 18h    ; MASK: Set Sleep timer freq/period
 0000           OSC_CR0_SLEEP_512Hz:  equ 00h    ;     Set sleep bits for 1.95ms period
 0008           OSC_CR0_SLEEP_64Hz:   equ 08h    ;     Set sleep bits for 15.6ms period
 0010           OSC_CR0_SLEEP_8Hz:    equ 10h    ;     Set sleep bits for 125ms period
 0018           OSC_CR0_SLEEP_1Hz:    equ 18h    ;     Set sleep bits for 1 sec period
 0007           OSC_CR0_CPU:          equ 07h    ; MASK: Set CPU Frequency
 0000           OSC_CR0_CPU_3MHz:     equ 00h    ;     set CPU Freq bits for 3MHz Operation
 0001           OSC_CR0_CPU_6MHz:     equ 01h    ;     set CPU Freq bits for 6MHz Operation
 0002           OSC_CR0_CPU_12MHz:    equ 02h    ;     set CPU Freq bits for 12MHz Operation
 0003           OSC_CR0_CPU_24MHz:    equ 03h    ;     set CPU Freq bits for 24MHz Operation
 0004           OSC_CR0_CPU_1d5MHz:   equ 04h    ;     set CPU Freq bits for 1.5MHz Operation
 0005           OSC_CR0_CPU_750kHz:   equ 05h    ;     set CPU Freq bits for 750kHz Operation
 0006           OSC_CR0_CPU_187d5kHz: equ 06h    ;     set CPU Freq bits for 187.5kHz Operation
 0007           OSC_CR0_CPU_93d7kHz:  equ 07h    ;     set CPU Freq bits for 93.7kHz Operation
 0000           
 00E1           OSC_CR1:      equ E1h          ; System VC1/VC2 Divider Control Register  (RW)
 00F0           OSC_CR1_VC1:          equ F0h    ; MASK: System VC1 24MHz/External Clk divider
 000F           OSC_CR1_VC2:          equ 0Fh    ; MASK: System VC2 24MHz/External Clk divider
 0000           
 00E2           OSC_CR2:      equ E2h          ; Oscillator Control Register 2            (RW)
 0004           OSC_CR2_EXTCLKEN:     equ 04h    ; MASK: Enable/Disable External Clock
 0002           OSC_CR2_IMODIS:       equ 02h    ; MASK: Enable/Disable System (IMO) Clock Net
 0001           OSC_CR2_SYSCLKX2DIS:  equ 01h    ; MASK: Enable/Disable 48MHz clock source
 0000           
 00E3           VLT_CR:       equ E3h          ; Voltage Monitor Control Register         (RW)
 0080           VLT_CR_SMP:           equ 80h    ; MASK: Enable Switch Mode Pump
 0030           VLT_CR_PORLEV:        equ 30h    ; MASK: Mask for Power on Reset level control
 0000           VLT_CR_POR_LOW:       equ 00h    ;   Lowest  Precision Power-on Reset trip point
 0010           VLT_CR_POR_MID:       equ 10h    ;   Middle  Precision Power-on Reset trip point
 0020           VLT_CR_POR_HIGH:      equ 20h    ;   Highest Precision Power-on Reset trip point
 0008           VLT_CR_LVDTBEN:       equ 08h    ; MASK: Enable the CPU Throttle Back on LVD
 0007           VLT_CR_VM:            equ 07h    ; MASK: Mask for Voltage Monitor level setting
 0000           VLT_CR_3V0_POR:       equ 00h    ; -- deprecated symbols --
 0010           VLT_CR_4V5_POR:       equ 10h    ;    deprecated
 0020           VLT_CR_4V75_POR:      equ 20h    ;    deprecated
 0030           VLT_CR_DISABLE:       equ 30h    ;    deprecated
 0000           
 00E4           VLT_CMP:      equ E4h          ; Voltage Monitor Comparators Register     (R)
 0004           VLT_CMP_PUMP:         equ 04h    ; MASK: Vcc below SMP trip level
 0002           VLT_CMP_LVD:          equ 02h    ; MASK: Vcc below LVD trip level
 0001           VLT_CMP_PPOR:         equ 01h    ; MASK: Vcc below PPOR trip level
 0000           
 00E7           DEC_CR2:      equ E7h          ; Decimator Control Register 2             (RW)
 00E8           IMO_TR:       equ E8h          ; Internal Main Oscillator Trim Register   (W)
 00E9           ILO_TR:       equ E9h          ; Internal Low-speed Oscillator Trim       (W)
 00EA           BDG_TR:       equ EAh          ; Band Gap Trim Register                   (W)
 00EB           ECO_TR:       equ EBh          ; External Oscillator Trim Register        (W)
 0000           
 0000           ;;=============================================================================
 0000           ;;      M8C System Macros
 0000           ;;  These macros should be used when their functions are needed.
 0000           ;;=============================================================================
 0000           
 0000           ;----------------------------------------------------
 0000           ;  Swapping Register Banks
 0000           ;----------------------------------------------------
 0000               macro M8C_SetBank0
 0000               and   F, ~FLAG_XIO_MASK
 0000               macro M8C_SetBank1
 0000               or    F, FLAG_XIO_MASK
 0000               macro M8C_EnableGInt
 0000               or    F, FLAG_GLOBAL_IE
 0000               macro M8C_DisableGInt
 0000               and   F, ~FLAG_GLOBAL_IE
 0000               macro M8C_DisableIntMask
 0000               and   reg[@0], ~@1              ; disable specified interrupt enable bit
 0000               macro M8C_EnableIntMask
 0000               or    reg[@0], @1               ; enable specified interrupt enable bit
 0000               macro M8C_ClearIntFlag
 0000               mov   reg[@0], ~@1              ; clear specified interrupt enable bit
 0000               macro M8C_EnableWatchDog
 0000               and   reg[CPU_SCR0], ~CPU_SCR0_PORS_MASK
 0000               macro M8C_ClearWDT
 0000               mov   reg[RES_WDT], 00h
 0000               macro M8C_ClearWDTAndSleep
 0000               mov   reg[RES_WDT], 38h
 0000               macro M8C_Stall
 0000               or    reg[ASY_CR], ASY_CR_SYNCEN
 0000               macro M8C_Unstall
 0000               and   reg[ASY_CR], ~ASY_CR_SYNCEN
 0000               macro M8C_Sleep
 0000               or    reg[CPU_SCR0], CPU_SCR0_SLEEP_MASK
 0000               ; The next instruction to be executed depends on the state of the
 0000               ; various interrupt enable bits. If some interrupts are enabled
 0000               ; and the global interrupts are disabled, the next instruction will
 0000               ; be the one that follows the invocation of this macro. If global
 0000               ; interrupts are also enabled then the next instruction will be
 0000               ; from the interrupt vector table. If no interrupts are enabled
 0000               ; then the CPU sleeps forever.
 0000               macro M8C_Stop
 0000               ; In general, you probably don't want to do this, but here's how:
 0000               or    reg[CPU_SCR0], CPU_SCR0_STOP_MASK
 0000               ; Next instruction to be executed is located in the interrupt
 0000               ; vector table entry for Power-On Reset.
 0000               macro M8C_Reset
 0000               ; Restore CPU to the power-on reset state.
 0000               mov A, 0
 0000               SSC
 0000               ; Next non-supervisor instruction will be at interrupt vector 0.
 0000               macro Suspend_CodeCompressor
 0000               or   F, 0
 0000               macro Resume_CodeCompressor
 0000               add  SP, 0
                export LoadConfigTBL_trabajov1
                AREA psoc_config(rom, rel)
 0000           LoadConfigTBL_trabajov1:
 0000           ;  Ordered Global Register values
 0000 7110          or    F, FLAG_XIO_MASK
 0002 620000            mov     reg[00h], 00h           ; Port_0_DriveMode_0 register (PRT0DM0)
 0005 6201FF            mov     reg[01h], ffh           ; Port_0_DriveMode_1 register (PRT0DM1)
 0008 70EF          and   F, ~FLAG_XIO_MASK
 000A 6203FF            mov     reg[03h], ffh           ; Port_0_DriveMode_2 register (PRT0DM2)
 000D 620200            mov     reg[02h], 00h           ; Port_0_GlobalSelect register (PRT0GS)
 0010 7110          or    F, FLAG_XIO_MASK
 0012 620200            mov     reg[02h], 00h           ; Port_0_IntCtrl_0 register (PRT0IC0)
 0015 620300            mov     reg[03h], 00h           ; Port_0_IntCtrl_1 register (PRT0IC1)
 0018 70EF          and   F, ~FLAG_XIO_MASK
 001A 620100            mov     reg[01h], 00h           ; Port_0_IntEn register (PRT0IE)
 001D 7110          or    F, FLAG_XIO_MASK
 001F 620410            mov     reg[04h], 10h           ; Port_1_DriveMode_0 register (PRT1DM0)
 0022 6205EF            mov     reg[05h], efh           ; Port_1_DriveMode_1 register (PRT1DM1)
 0025 70EF          and   F, ~FLAG_XIO_MASK
 0027 6207AF            mov     reg[07h], afh           ; Port_1_DriveMode_2 register (PRT1DM2)
 002A 620650            mov     reg[06h], 50h           ; Port_1_GlobalSelect register (PRT1GS)
 002D 7110          or    F, FLAG_XIO_MASK
 002F 620600            mov     reg[06h], 00h           ; Port_1_IntCtrl_0 register (PRT1IC0)
 0032 620700            mov     reg[07h], 00h           ; Port_1_IntCtrl_1 register (PRT1IC1)
 0035 70EF          and   F, ~FLAG_XIO_MASK
 0037 620500            mov     reg[05h], 00h           ; Port_1_IntEn register (PRT1IE)
 003A 7110          or    F, FLAG_XIO_MASK
 003C 620800            mov     reg[08h], 00h           ; Port_2_DriveMode_0 register (PRT2DM0)
 003F 6209FF            mov     reg[09h], ffh           ; Port_2_DriveMode_1 register (PRT2DM1)
 0042 70EF          and   F, ~FLAG_XIO_MASK
 0044 620BFF            mov     reg[0bh], ffh           ; Port_2_DriveMode_2 register (PRT2DM2)
 0047 620A00            mov     reg[0ah], 00h           ; Port_2_GlobalSelect register (PRT2GS)
 004A 7110          or    F, FLAG_XIO_MASK
 004C 620A00            mov     reg[0ah], 00h           ; Port_2_IntCtrl_0 register (PRT2IC0)
 004F 620B00            mov     reg[0bh], 00h           ; Port_2_IntCtrl_1 register (PRT2IC1)
 0052 70EF          and   F, ~FLAG_XIO_MASK
 0054 620900            mov     reg[09h], 00h           ; Port_2_IntEn register (PRT2IE)
 0057 7110          or    F, FLAG_XIO_MASK
 0059 620C00            mov     reg[0ch], 00h           ; Port_3_DriveMode_0 register (PRT3DM0)
 005C 620D00            mov     reg[0dh], 00h           ; Port_3_DriveMode_1 register (PRT3DM1)
 005F 70EF          and   F, ~FLAG_XIO_MASK
 0061 620F00            mov     reg[0fh], 00h           ; Port_3_DriveMode_2 register (PRT3DM2)
 0064 620E00            mov     reg[0eh], 00h           ; Port_3_GlobalSelect register (PRT3GS)
 0067 7110          or    F, FLAG_XIO_MASK
 0069 620E00            mov     reg[0eh], 00h           ; Port_3_IntCtrl_0 register (PRT3IC0)
 006C 620F00            mov     reg[0fh], 00h           ; Port_3_IntCtrl_1 register (PRT3IC1)
 006F 70EF          and   F, ~FLAG_XIO_MASK
 0071 620D00            mov     reg[0dh], 00h           ; Port_3_IntEn register (PRT3IE)
 0074 7110          or    F, FLAG_XIO_MASK
 0076 621000            mov     reg[10h], 00h           ; Port_4_DriveMode_0 register (PRT4DM0)
 0079 621100            mov     reg[11h], 00h           ; Port_4_DriveMode_1 register (PRT4DM1)
 007C 70EF          and   F, ~FLAG_XIO_MASK
 007E 621300            mov     reg[13h], 00h           ; Port_4_DriveMode_2 register (PRT4DM2)
 0081 621200            mov     reg[12h], 00h           ; Port_4_GlobalSelect register (PRT4GS)
 0084 7110          or    F, FLAG_XIO_MASK
 0086 621200            mov     reg[12h], 00h           ; Port_4_IntCtrl_0 register (PRT4IC0)
 0089 621300            mov     reg[13h], 00h           ; Port_4_IntCtrl_1 register (PRT4IC1)
 008C 70EF          and   F, ~FLAG_XIO_MASK
 008E 621100            mov     reg[11h], 00h           ; Port_4_IntEn register (PRT4IE)
 0091 7110          or    F, FLAG_XIO_MASK
 0093 621400            mov     reg[14h], 00h           ; Port_5_DriveMode_0 register (PRT5DM0)
 0096 621500            mov     reg[15h], 00h           ; Port_5_DriveMode_1 register (PRT5DM1)
 0099 70EF          and   F, ~FLAG_XIO_MASK
 009B 621700            mov     reg[17h], 00h           ; Port_5_DriveMode_2 register (PRT5DM2)
 009E 621600            mov     reg[16h], 00h           ; Port_5_GlobalSelect register (PRT5GS)
 00A1 7110          or    F, FLAG_XIO_MASK
 00A3 621600            mov     reg[16h], 00h           ; Port_5_IntCtrl_0 register (PRT5IC0)
 00A6 621700            mov     reg[17h], 00h           ; Port_5_IntCtrl_1 register (PRT5IC1)
 00A9 70EF          and   F, ~FLAG_XIO_MASK
 00AB 621500            mov     reg[15h], 00h           ; Port_5_IntEn register (PRT5IE)
 00AE 7110          or    F, FLAG_XIO_MASK
 00B0 621800            mov     reg[18h], 00h           ; Port_6_DriveMode_0 register (PRT6DM0)
 00B3 621900            mov     reg[19h], 00h           ; Port_6_DriveMode_1 register (PRT6DM1)
 00B6 70EF          and   F, ~FLAG_XIO_MASK
 00B8 621B00            mov     reg[1bh], 00h           ; Port_6_DriveMode_2 register (PRT6DM2)
 00BB 621A00            mov     reg[1ah], 00h           ; Port_6_GlobalSelect register (PRT6GS)
 00BE 7110          or    F, FLAG_XIO_MASK
 00C0 621A00            mov     reg[1ah], 00h           ; Port_6_IntCtrl_0 register (PRT6IC0)
 00C3 621B00            mov     reg[1bh], 00h           ; Port_6_IntCtrl_1 register (PRT6IC1)
 00C6 70EF          and   F, ~FLAG_XIO_MASK
 00C8 621900            mov     reg[19h], 00h           ; Port_6_IntEn register (PRT6IE)
 00CB 7110          or    F, FLAG_XIO_MASK
 00CD 621C00            mov     reg[1ch], 00h           ; Port_7_DriveMode_0 register (PRT7DM0)
 00D0 621D00            mov     reg[1dh], 00h           ; Port_7_DriveMode_1 register (PRT7DM1)
 00D3 70EF          and   F, ~FLAG_XIO_MASK
 00D5 621F00            mov     reg[1fh], 00h           ; Port_7_DriveMode_2 register (PRT7DM2)
 00D8 621E00            mov     reg[1eh], 00h           ; Port_7_GlobalSelect register (PRT7GS)
 00DB 7110          or    F, FLAG_XIO_MASK
 00DD 621E00            mov     reg[1eh], 00h           ; Port_7_IntCtrl_0 register (PRT7IC0)
 00E0 621F00            mov     reg[1fh], 00h           ; Port_7_IntCtrl_1 register (PRT7IC1)
 00E3 70EF          and   F, ~FLAG_XIO_MASK
 00E5 621D00            mov     reg[1dh], 00h           ; Port_7_IntEn register (PRT7IE)
 00E8 70EF          and   F, ~FLAG_XIO_MASK
 00EA           ;  Global Register values
 00EA 626028            mov     reg[60h], 28h           ; AnalogColumnInputSelect register (AMX_IN)
 00ED 626600            mov     reg[66h], 00h           ; AnalogComparatorControl1 register (CMP_CR1)
 00F0 626305            mov     reg[63h], 05h           ; AnalogReferenceControl register (ARF_CR)
 00F3 626500            mov     reg[65h], 00h           ; AnalogSyncControl register (ASY_CR)
 00F6 62E600            mov     reg[e6h], 00h           ; DecimatorControl_0 register (DEC_CR0)
 00F9 62E700            mov     reg[e7h], 00h           ; DecimatorControl_1 register (DEC_CR1)
 00FC 62D600            mov     reg[d6h], 00h           ; I2CConfig register (I2CCFG)
 00FF 62B030            mov     reg[b0h], 30h           ; Row_0_InputMux register (RDI0RI)
 0102 62B100            mov     reg[b1h], 00h           ; Row_0_InputSync register (RDI0SYN)
 0105 62B200            mov     reg[b2h], 00h           ; Row_0_LogicInputAMux register (RDI0IS)
 0108 62B333            mov     reg[b3h], 33h           ; Row_0_LogicSelect_0 register (RDI0LT0)
 010B 62B433            mov     reg[b4h], 33h           ; Row_0_LogicSelect_1 register (RDI0LT1)
 010E 62B508            mov     reg[b5h], 08h           ; Row_0_OutputDrive_0 register (RDI0SRO0)
 0111 62B600            mov     reg[b6h], 00h           ; Row_0_OutputDrive_1 register (RDI0SRO1)
 0114 62B855            mov     reg[b8h], 55h           ; Row_1_InputMux register (RDI1RI)
 0117 62B900            mov     reg[b9h], 00h           ; Row_1_InputSync register (RDI1SYN)
 011A 62BA10            mov     reg[bah], 10h           ; Row_1_LogicInputAMux register (RDI1IS)
 011D 62BB33            mov     reg[bbh], 33h           ; Row_1_LogicSelect_0 register (RDI1LT0)
 0120 62BC33            mov     reg[bch], 33h           ; Row_1_LogicSelect_1 register (RDI1LT1)
 0123 62BD00            mov     reg[bdh], 00h           ; Row_1_OutputDrive_0 register (RDI1SRO0)
 0126 62BE00            mov     reg[beh], 00h           ; Row_1_OutputDrive_1 register (RDI1SRO1)
 0129 62C000            mov     reg[c0h], 00h           ; Row_2_InputMux register (RDI2RI)
 012C 62C100            mov     reg[c1h], 00h           ; Row_2_InputSync register (RDI2SYN)
 012F 62C220            mov     reg[c2h], 20h           ; Row_2_LogicInputAMux register (RDI2IS)
 0132 62C333            mov     reg[c3h], 33h           ; Row_2_LogicSelect_0 register (RDI2LT0)
 0135 62C433            mov     reg[c4h], 33h           ; Row_2_LogicSelect_1 register (RDI3LT1)
 0138 62C500            mov     reg[c5h], 00h           ; Row_2_OutputDrive_0 register (RDI2SRO0)
 013B 62C600            mov     reg[c6h], 00h           ; Row_2_OutputDrive_1 register (RDI2SRO1)
 013E 62C855            mov     reg[c8h], 55h           ; Row_3_InputMux register (RDI3RI)
 0141 62C900            mov     reg[c9h], 00h           ; Row_3_InputSync register (RDI3SYN)
 0144 62CA30            mov     reg[cah], 30h           ; Row_3_LogicInputAMux register (RDI3IS)
 0147 62CB33            mov     reg[cbh], 33h           ; Row_3_LogicSelect_0 register (RDI3LT0)
 014A 62CC33            mov     reg[cch], 33h           ; Row_3_LogicSelect_1 register (RDI3LT1)
 014D 62CD00            mov     reg[cdh], 00h           ; Row_3_OutputDrive_0 register (RDI3SRO0)
 0150 62CE00            mov     reg[ceh], 00h           ; Row_3_OutputDrive_1 register (RDI3SRO1)
 0153 626C00            mov     reg[6ch], 00h           ; TMP_DR0 register (TMP_DR0)
 0156 626D00            mov     reg[6dh], 00h           ; TMP_DR1 register (TMP_DR1)
 0159 626E00            mov     reg[6eh], 00h           ; TMP_DR2 register (TMP_DR2)
 015C 626F00            mov     reg[6fh], 00h           ; TMP_DR3 register (TMP_DR3)
 015F           ;  Instance name Timer8, User Module Timer8
 015F           ;       Instance name Timer8, Block Name TIMER8(DBB00)
 015F 622304            mov     reg[23h], 04h           ;Timer8_CONTROL_REG(DBB00CR0)
 0162 622100            mov     reg[21h], 00h           ;Timer8_PERIOD_REG(DBB00DR1)
 0165 622200            mov     reg[22h], 00h           ;Timer8_COMPARE_REG(DBB00DR2)
 0168           ;  Instance name UART, User Module UART
 0168           ;       Instance name UART, Block Name RX(DCB03)
 0168 622F00            mov     reg[2fh], 00h           ;UART_RX_CONTROL_REG(DCB03CR0)
 016B 622D00            mov     reg[2dh], 00h           ;UART_(DCB03DR1)
 016E 622E00            mov     reg[2eh], 00h           ;UART_RX_BUFFER_REG (DCB03DR2)
 0171           ;       Instance name UART, Block Name TX(DCB02)
 0171 622B00            mov     reg[2bh], 00h           ;UART_TX_CONTROL_REG(DCB02CR0)
 0174 622900            mov     reg[29h], 00h           ;UART_TX_BUFFER_REG (DCB02DR1)
 0177 622A00            mov     reg[2ah], 00h           ;UART_(DCB02DR2)
 017A 7110          or    F, FLAG_XIO_MASK
 017C           ;  Global Register values
 017C 626100            mov     reg[61h], 00h           ; AnalogClockSelect1 register (CLK_CR1)
 017F 626900            mov     reg[69h], 00h           ; AnalogClockSelect2 register (CLK_CR2)
 0182 626000            mov     reg[60h], 00h           ; AnalogColumnClockSelect register (CLK_CR0)
 0185 626200            mov     reg[62h], 00h           ; AnalogIOControl_0 register (ABF_CR0)
 0188 626733            mov     reg[67h], 33h           ; AnalogLUTControl0 register (ALT_CR0)
 018B 626833            mov     reg[68h], 33h           ; AnalogLUTControl1 register (ALT_CR1)
 018E 626300            mov     reg[63h], 00h           ; AnalogModulatorControl_0 register (AMD_CR0)
 0191 626600            mov     reg[66h], 00h           ; AnalogModulatorControl_1 register (AMD_CR1)
 0194 62D100            mov     reg[d1h], 00h           ; GlobalDigitalInterconnect_Drive_Even_Input register (GDI_E_IN)
 0197 62D300            mov     reg[d3h], 00h           ; GlobalDigitalInterconnect_Drive_Even_Output register (GDI_E_OU)
 019A 62D000            mov     reg[d0h], 00h           ; GlobalDigitalInterconnect_Drive_Odd_Input register (GDI_O_IN)
 019D 62D200            mov     reg[d2h], 00h           ; GlobalDigitalInterconnect_Drive_Odd_Output register (GDI_O_OU)
 01A0 62E100            mov     reg[e1h], 00h           ; OscillatorControl_1 register (OSC_CR1)
 01A3 62E200            mov     reg[e2h], 00h           ; OscillatorControl_2 register (OSC_CR2)
 01A6 62DF00            mov     reg[dfh], 00h           ; OscillatorControl_3 register (OSC_CR3)
 01A9 62DE00            mov     reg[deh], 00h           ; OscillatorControl_4 register (OSC_CR4)
 01AC 62DD00            mov     reg[ddh], 00h           ; OscillatorGlobalBusEnableControl register (OSC_GO_EN)
 01AF 62E700            mov     reg[e7h], 00h           ; Type2Decimator_Control register (DEC_CR2)
 01B2           ;  Instance name Timer8, User Module Timer8
 01B2           ;       Instance name Timer8, Block Name TIMER8(DBB00)
 01B2 622020            mov     reg[20h], 20h           ;Timer8_FUNC_REG(DBB00FN)
 01B5 622105            mov     reg[21h], 05h           ;Timer8_INPUT_REG(DBB00IN)
 01B8 622228            mov     reg[22h], 28h           ;Timer8_OUTPUT_REG(DBB00OU)
 01BB           ;  Instance name UART, User Module UART
 01BB           ;       Instance name UART, Block Name RX(DCB03)
 01BB 622C05            mov     reg[2ch], 05h           ;UART_RX_FUNC_REG   (DCB03FN)
 01BE 622DE9            mov     reg[2dh], e9h           ;UART_RX_INPUT_REG  (DCB03IN)
 01C1 622E00            mov     reg[2eh], 00h           ;UART_RX_OUTPUT_REG (DCB03OU)
 01C4           ;       Instance name UART, Block Name TX(DCB02)
 01C4 62280D            mov     reg[28h], 0dh           ;UART_TX_FUNC_REG   (DCB02FN)
 01C7 622909            mov     reg[29h], 09h           ;UART_TX_INPUT_REG  (DCB02IN)
 01CA 622A04            mov     reg[2ah], 04h           ;UART_TX_OUTPUT_REG (DCB02OU)
 01CD 70EF          and   F, ~FLAG_XIO_MASK
 01CF 7F                ret
 01D0           
 01D0           
 01D0           ; PSoC Configuration file trailer PsocConfig.asm
