 0000                   cpu LMM
                        .module main.c
                        .area text(rom, con, rel)
 0000                   .dbfile ./comunicaciones.h
 0000                   .dbfunc e envia _envia fV
 0000           ;   envia_recibe -> X+2
 0000           ; envia_contador -> X+1
 0000           ; envia_confirmacion -> X+0
 0000           ;     envia_dato -> X-4
 0000           _envia::
 0000                   .dbline -1
 0000 10                push X
 0001 4F                mov X,SP
 0002 3803              add SP,3
 0004                   .dbline 19
 0004           ; //----------------------------------------------------------------//
 0004           ; //     Proyecto de GS Desarrollo Productos Electronicos EPSS    //
 0004           ; //                   By Albert Sagol & Xavi Vicient                         //
 0004           ; //                 PhotoSoC - Controlador fotográfico                   //
 0004           ; //----------------------------------------------------------------//
 0004           ; //              Programa principal del PSoC de trabajo                          //
 0004           ; //----------------------------------------------------------------//
 0004           ; 
 0004           ; #include <m8c.h>                      // part specific constants and macros
 0004           ; #include "PSoCAPI.h"                          // PSoC API definitions for all User Modules
 0004           ; #include "stdlib.h"
 0004           ; #include "trabajo.h"                  // Libreria creada para el PSoc de trabajo por Albert y Xavi para el proyecto
 0004           ; 
 0004           ; #pragma interrupt_handler MI_RSI_EXTERNA
 0004           ; #pragma interrupt_handler MI_RSI_DEL_TIMER
 0004           ; 
 0004           ; //unsigned int tempo,tempo2;          //Para debuggar
 0004           ; 
 0004           ; //void led1(void);
 0004                   .dbline 22
 0004           ; //void led2(void);
 0004           ; 
 0004           ; void MI_RSI_EXTERNA(void)             //Interrupción externa
 0004 560000            mov [X+0],0
 0007                   .dbline 23
 0007           ; {
 0007 560100            mov [X+1],0
 000A 8037              xjmp L3
 000C           L2:
 000C                   .dbline 26
 000C           ;       disparo_sensores();
 000C           ; }
 000C           ; 
 000C                   .dbline 27
 000C           ; void MI_RSI_DEL_TIMER (void)  //Interrupción del timer Segundos
 000C 10                push X
 000D 52FC              mov A,[X-4]
 000F 7C0000            xcall _UART_PutChar
 0012                   .dbline 28
 0012           ; {
 0012 7C0000            xcall _UART_cGetChar
 0015 62D000            mov REG[0xd0],>__r0
 0018 20                pop X
 0019 5402              mov [X+2],A
 001B                   .dbline 30
 001B           ;       contador_trabajo1++;
 001B           ;       contador_trabajo2++;
 001B 5202              mov A,[X+2]
 001D 3BFC              cmp A,[X-4]
 001F B004              jnz L5
 0021                   .dbline 30
 0021 56004F            mov [X+0],79
 0024           L5:
 0024                   .dbline 31
 0024           ;       
 0024 10                push X
 0025 5200              mov A,[X+0]
 0027 7C0000            xcall _UART_PutChar
 002A 20                pop X
 002B                   .dbline 32
 002B           ;       if (contador_trabajo1==tpCam1) 
 002B 5201              mov A,[X+1]
 002D 62D000            mov REG[0xd0],>__r0
 0030 5300              mov [__r0],A
 0032 0101              add A,1
 0034 5401              mov [X+1],A
 0036 5100              mov A,[__r0]
 0038 5401              mov [X+1],A
 003A                   .dbline 33
 003A           ;       {
 003A 3D010A            cmp [X+1],10
 003D B004              jnz L7
 003F                   .dbline 33
 003F 560001            mov [X+0],1
 0042           L7:
 0042                   .dbline 34
 0042           L3:
 0042                   .dbline 25
 0042 3D0000            cmp [X+0],0
 0045 AFC6              jz L2
 0047                   .dbline -2
 0047                   .dbline 35
 0047           ;               chivato1=on;
 0047           ;               contador_trabajo1=0;
 0047           L1:
 0047 38FD              add SP,-3
 0049 20                pop X
 004A                   .dbline 0 ; func end
 004A 7F                ret
 004B                   .dbsym l envia_recibe 2 c
 004B                   .dbsym l envia_contador 1 c
 004B                   .dbsym l envia_confirmacion 0 c
 004B                   .dbsym l envia_dato -4 c
 004B                   .dbend
 004B                   .dbfunc e recibe _recibe fc
 004B           ;    recibe_dato -> X+2
 004B           ; recibe_contador -> X+1
 004B           ; recibe_confirmacion -> X+0
 004B           _recibe::
 004B                   .dbline -1
 004B 10                push X
 004C 4F                mov X,SP
 004D 3803              add SP,3
 004F                   .dbline 50
 004F           ;       }
 004F           ;       
 004F           ;       if (contador_trabajo2==tpCam2) 
 004F           ;       {
 004F           ;               chivato2=on;
 004F           ;               contador_trabajo2=0;
 004F           ;       }
 004F           ; }
 004F           ; 
 004F           ; /*
 004F           ; void led1(void)       //Rutina para debuggar
 004F           ; {
 004F           ;       PRT0DR=PRT0DR|0x01; //0000-0001
 004F           ;       for (tempo=0;tempo<5000;tempo++) ;
 004F           ;       PRT0DR=PRT0DR&0xFE;
 004F                   .dbline 53
 004F           ; }
 004F           ; void led2(void)       //Rutina para debuggar
 004F           ; {
 004F 560000            mov [X+0],0
 0052                   .dbline 54
 0052           ;       PRT0DR=PRT0DR|0x04; //0000-0100
 0052 560100            mov [X+1],0
 0055 803A              xjmp L11
 0057           L10:
 0057                   .dbline 57
 0057           ;       for (tempo2=0;tempo2<500;tempo2++) ;
 0057           ;       PRT0DR=PRT0DR&0xFB;
 0057           ; }
 0057                   .dbline 58
 0057           ; */
 0057 10                push X
 0058 7C0000            xcall _UART_cGetChar
 005B 62D000            mov REG[0xd0],>__r0
 005E 20                pop X
 005F 5402              mov [X+2],A
 0061                   .dbline 59
 0061           ; 
 0061 10                push X
 0062 5202              mov A,[X+2]
 0064 7C0000            xcall _UART_PutChar
 0067                   .dbline 61
 0067           ; void main()                                           //Programa principal
 0067           ; {     
 0067 7C0000            xcall _UART_cGetChar
 006A 62D000            mov REG[0xd0],>__r0
 006D 20                pop X
 006E 5400              mov [X+0],A
 0070                   .dbline 62
 0070           ;       inicializacion ();
 0070 3D004F            cmp [X+0],79
 0073 B005              jnz L13
 0075                   .dbline 63
 0075           ;       recibe_valores();
 0075 5202              mov A,[X+2]
 0077 8022              xjmp L9
 0079           L13:
 0079                   .dbline 64
 0079           ;       preparadisparo();
 0079 5201              mov A,[X+1]
 007B 62D000            mov REG[0xd0],>__r0
 007E 5300              mov [__r0],A
 0080 0101              add A,1
 0082 5401              mov [X+1],A
 0084 5100              mov A,[__r0]
 0086 5401              mov [X+1],A
 0088                   .dbline 65
 0088           ;       activar_sensores();     
 0088 3D010A            cmp [X+1],10
 008B B004              jnz L15
 008D                   .dbline 65
 008D 560001            mov [X+0],1
 0090           L15:
 0090                   .dbline 66
 0090           L11:
 0090                   .dbline 56
 0090 3D0000            cmp [X+0],0
 0093 AFC3              jz L10
 0095                   .dbline 67
 0095           ;       ejecucion();
 0095           ; }             
 0095 62D000            mov REG[0xd0],>__r0
 0098 50FF              mov A,-1
 009A                   .dbline -2
 009A           L9:
 009A 38FD              add SP,-3
 009C 20                pop X
 009D                   .dbline 0 ; func end
 009D 7F                ret
 009E                   .dbsym l recibe_dato 2 c
 009E                   .dbsym l recibe_contador 1 c
 009E                   .dbsym l recibe_confirmacion 0 c
 009E                   .dbend
                        .area data(ram, con, rel)
 0000                   .dbfile ./comunicaciones.h
 0000           _Cam1::
 0000 00                .byte 0
 0001                   .dbfile ./trabajo.h
 0001                   .dbsym e Cam1 _Cam1 c
                        .area data(ram, con, rel)
 0000                   .dbfile ./trabajo.h
                        .area data(ram, con, rel)
 0000                   .dbfile ./trabajo.h
 0000           _Cam2::
 0000 00                .byte 0
 0001                   .dbsym e Cam2 _Cam2 c
                        .area data(ram, con, rel)
 0000                   .dbfile ./trabajo.h
                        .area data(ram, con, rel)
 0000                   .dbfile ./trabajo.h
 0000           _Ent1::
 0000 00                .byte 0
 0001                   .dbsym e Ent1 _Ent1 c
                        .area data(ram, con, rel)
 0000                   .dbfile ./trabajo.h
                        .area data(ram, con, rel)
 0000                   .dbfile ./trabajo.h
 0000           _Ent2::
 0000 00                .byte 0
 0001                   .dbsym e Ent2 _Ent2 c
                        .area data(ram, con, rel)
 0000                   .dbfile ./trabajo.h
                        .area data(ram, con, rel)
 0000                   .dbfile ./trabajo.h
 0000           _Ent3::
 0000 00                .byte 0
 0001                   .dbsym e Ent3 _Ent3 c
                        .area data(ram, con, rel)
 0000                   .dbfile ./trabajo.h
                        .area data(ram, con, rel)
 0000                   .dbfile ./trabajo.h
 0000           _Ent4::
 0000 00                .byte 0
 0001                   .dbsym e Ent4 _Ent4 c
                        .area data(ram, con, rel)
 0000                   .dbfile ./trabajo.h
                        .area data(ram, con, rel)
 0000                   .dbfile ./trabajo.h
 0000           _Fla1::
 0000 00                .byte 0
 0001                   .dbsym e Fla1 _Fla1 c
                        .area data(ram, con, rel)
 0000                   .dbfile ./trabajo.h
                        .area data(ram, con, rel)
 0000                   .dbfile ./trabajo.h
 0000           _Fla2::
 0000 00                .byte 0
 0001                   .dbsym e Fla2 _Fla2 c
                        .area data(ram, con, rel)
 0000                   .dbfile ./trabajo.h
                        .area data(ram, con, rel)
 0000                   .dbfile ./trabajo.h
 0000           _Fla3::
 0000 00                .byte 0
 0001                   .dbsym e Fla3 _Fla3 c
                        .area data(ram, con, rel)
 0000                   .dbfile ./trabajo.h
                        .area data(ram, con, rel)
 0000                   .dbfile ./trabajo.h
 0000           _Fla4::
 0000 00                .byte 0
 0001                   .dbsym e Fla4 _Fla4 c
                        .area data(ram, con, rel)
 0000                   .dbfile ./trabajo.h
                        .area data(ram, con, rel)
 0000                   .dbfile ./trabajo.h
 0000           _Int1_Tdisp::
 0000 00                .byte 0
 0001                   .dbsym e Int1_Tdisp _Int1_Tdisp c
                        .area data(ram, con, rel)
 0000                   .dbfile ./trabajo.h
                        .area data(ram, con, rel)
 0000                   .dbfile ./trabajo.h
 0000           _Int1_Tdisp_Uni::
 0000 00                .byte 0
 0001                   .dbsym e Int1_Tdisp_Uni _Int1_Tdisp_Uni c
                        .area data(ram, con, rel)
 0000                   .dbfile ./trabajo.h
                        .area data(ram, con, rel)
 0000                   .dbfile ./trabajo.h
 0000           _Int1_Ndisp::
 0000 00                .byte 0
 0001                   .dbsym e Int1_Ndisp _Int1_Ndisp c
                        .area data(ram, con, rel)
 0000                   .dbfile ./trabajo.h
                        .area data(ram, con, rel)
 0000                   .dbfile ./trabajo.h
 0000           _Int2_Tdisp::
 0000 00                .byte 0
 0001                   .dbsym e Int2_Tdisp _Int2_Tdisp c
                        .area data(ram, con, rel)
 0000                   .dbfile ./trabajo.h
                        .area data(ram, con, rel)
 0000                   .dbfile ./trabajo.h
 0000           _Int2_Tdisp_Uni::
 0000 00                .byte 0
 0001                   .dbsym e Int2_Tdisp_Uni _Int2_Tdisp_Uni c
                        .area data(ram, con, rel)
 0000                   .dbfile ./trabajo.h
                        .area data(ram, con, rel)
 0000                   .dbfile ./trabajo.h
 0000           _Int2_Ndisp::
 0000 00                .byte 0
 0001                   .dbsym e Int2_Ndisp _Int2_Ndisp c
                        .area data(ram, con, rel)
 0000                   .dbfile ./trabajo.h
                        .area data(ram, con, rel)
 0000                   .dbfile ./trabajo.h
 0000           _TL1_Treal::
 0000 00                .byte 0
 0001                   .dbsym e TL1_Treal _TL1_Treal c
                        .area data(ram, con, rel)
 0000                   .dbfile ./trabajo.h
                        .area data(ram, con, rel)
 0000                   .dbfile ./trabajo.h
 0000           _TL1_Treal_Uni::
 0000 00                .byte 0
 0001                   .dbsym e TL1_Treal_Uni _TL1_Treal_Uni c
                        .area data(ram, con, rel)
 0000                   .dbfile ./trabajo.h
                        .area data(ram, con, rel)
 0000                   .dbfile ./trabajo.h
 0000           _TL1_Tfilm::
 0000 00                .byte 0
 0001                   .dbsym e TL1_Tfilm _TL1_Tfilm c
                        .area data(ram, con, rel)
 0000                   .dbfile ./trabajo.h
                        .area data(ram, con, rel)
 0000                   .dbfile ./trabajo.h
 0000           _TL1_Tfilm_Uni::
 0000 00                .byte 0
 0001                   .dbsym e TL1_Tfilm_Uni _TL1_Tfilm_Uni c
                        .area data(ram, con, rel)
 0000                   .dbfile ./trabajo.h
                        .area data(ram, con, rel)
 0000                   .dbfile ./trabajo.h
 0000           _TL2_Treal::
 0000 00                .byte 0
 0001                   .dbsym e TL2_Treal _TL2_Treal c
                        .area data(ram, con, rel)
 0000                   .dbfile ./trabajo.h
                        .area data(ram, con, rel)
 0000                   .dbfile ./trabajo.h
 0000           _TL2_Treal_Uni::
 0000 00                .byte 0
 0001                   .dbsym e TL2_Treal_Uni _TL2_Treal_Uni c
                        .area data(ram, con, rel)
 0000                   .dbfile ./trabajo.h
                        .area data(ram, con, rel)
 0000                   .dbfile ./trabajo.h
 0000           _TL2_Tfilm::
 0000 00                .byte 0
 0001                   .dbsym e TL2_Tfilm _TL2_Tfilm c
                        .area data(ram, con, rel)
 0000                   .dbfile ./trabajo.h
                        .area data(ram, con, rel)
 0000                   .dbfile ./trabajo.h
 0000           _TL2_Tfilm_Uni::
 0000 00                .byte 0
 0001                   .dbsym e TL2_Tfilm_Uni _TL2_Tfilm_Uni c
                        .area data(ram, con, rel)
 0000                   .dbfile ./trabajo.h
                        .area data(ram, con, rel)
 0000                   .dbfile ./trabajo.h
 0000           _tocacam1::
 0000 00                .byte 0
 0001                   .dbsym e tocacam1 _tocacam1 c
                        .area data(ram, con, rel)
 0000                   .dbfile ./trabajo.h
                        .area data(ram, con, rel)
 0000                   .dbfile ./trabajo.h
 0000           _tocacam2::
 0000 00                .byte 0
 0001                   .dbsym e tocacam2 _tocacam2 c
                        .area data(ram, con, rel)
 0000                   .dbfile ./trabajo.h
                        .area data(ram, con, rel)
 0000                   .dbfile ./trabajo.h
 0000           _dspCam1::
 0000 0000              .word 0
 0002                   .dbsym e dspCam1 _dspCam1 i
                        .area data(ram, con, rel)
 0000                   .dbfile ./trabajo.h
                        .area data(ram, con, rel)
 0000                   .dbfile ./trabajo.h
 0000           _dspCam2::
 0000 0000              .word 0
 0002                   .dbsym e dspCam2 _dspCam2 i
                        .area data(ram, con, rel)
 0000                   .dbfile ./trabajo.h
                        .area data(ram, con, rel)
 0000                   .dbfile ./trabajo.h
 0000           _tpCam1::
 0000 00000000          .word 0,0
 0004                   .dbsym e tpCam1 _tpCam1 l
                        .area data(ram, con, rel)
 0000                   .dbfile ./trabajo.h
                        .area data(ram, con, rel)
 0000                   .dbfile ./trabajo.h
 0000           _tpCam2::
 0000 00000000          .word 0,0
 0004                   .dbsym e tpCam2 _tpCam2 l
                        .area data(ram, con, rel)
 0000                   .dbfile ./trabajo.h
                        .area data(ram, con, rel)
 0000                   .dbfile ./trabajo.h
 0000           _fintrabajo::
 0000 00                .byte 0
 0001                   .dbsym e fintrabajo _fintrabajo c
                        .area data(ram, con, rel)
 0000                   .dbfile ./trabajo.h
                        .area data(ram, con, rel)
 0000                   .dbfile ./trabajo.h
 0000           _contador_trabajo1::
 0000 00000000          .word 0,0
 0004                   .dbsym e contador_trabajo1 _contador_trabajo1 l
                        .area data(ram, con, rel)
 0000                   .dbfile ./trabajo.h
                        .area data(ram, con, rel)
 0000                   .dbfile ./trabajo.h
 0000           _contador_trabajo2::
 0000 00000000          .word 0,0
 0004                   .dbsym e contador_trabajo2 _contador_trabajo2 l
                        .area data(ram, con, rel)
 0000                   .dbfile ./trabajo.h
                        .area data(ram, con, rel)
 0000                   .dbfile ./trabajo.h
 0000           _chivato1::
 0000 00                .byte 0
 0001                   .dbsym e chivato1 _chivato1 c
                        .area data(ram, con, rel)
 0000                   .dbfile ./trabajo.h
                        .area data(ram, con, rel)
 0000                   .dbfile ./trabajo.h
 0000           _chivato2::
 0000 00                .byte 0
 0001                   .dbsym e chivato2 _chivato2 c
                        .area data(ram, con, rel)
 0000                   .dbfile ./trabajo.h
                        .area data(ram, con, rel)
 0000                   .dbfile ./trabajo.h
 0000           _contadordspCam1::
 0000 0000              .word 0
 0002                   .dbsym e contadordspCam1 _contadordspCam1 i
                        .area data(ram, con, rel)
 0000                   .dbfile ./trabajo.h
                        .area data(ram, con, rel)
 0000                   .dbfile ./trabajo.h
 0000           _contadordspCam2::
 0000 0000              .word 0
 0002                   .dbsym e contadordspCam2 _contadordspCam2 i
                        .area data(ram, con, rel)
 0000                   .dbfile ./trabajo.h
                        .area text(rom, con, rel)
 009E                   .dbfile ./trabajo.h
 009E                   .dbfunc e inicializacion _inicializacion fV
 009E           _inicializacion::
 009E                   .dbline -1
 009E                   .dbline 63
 009E                   .dbline 65
 009E 10                push X
 009F 509C              mov A,-100
 00A1 7C0000            xcall _Timer8_WritePeriod
 00A4                   .dbline 66
 00A4 504E              mov A,78
 00A6 7C0000            xcall _Timer8_WriteCompareValue
 00A9                   .dbline 67
 00A9 7C0000            xcall _Timer8_Start
 00AC                   .dbline 70
 00AC           ; }             
 00AC           ; }             
 00AC           ; }             
 00AC 5000              mov A,0
 00AE 7C0000            xcall _UART_Start
 00B1 20                pop X
 00B2                   .dbline -2
 00B2                   .dbline 71
 00B2           ; }             
 00B2           L17:
 00B2                   .dbline 0 ; func end
 00B2 7F                ret
 00B3                   .dbend
 00B3                   .dbfunc e recibe_valores _recibe_valores fV
 00B3           _recibe_valores::
 00B3                   .dbline -1
 00B3                   .dbline 86
 00B3           ; }             
 00B3           ; }             
 00B3           ; }             
 00B3           ; }             
 00B3           ; }             
 00B3           ; }             
 00B3           ; }             
 00B3           ; }             
 00B3           ; }             
 00B3           ; }             
 00B3           ; }             
 00B3           ; }             
 00B3           ; }             
 00B3           ; }             
 00B3           ; }             
 00B3                   .dbline 87
 00B3           ; }             
 00B3 9F96              xcall _recibe
 00B5 62D000            mov REG[0xd0],>_Cam1
 00B8 5300              mov [_Cam1],A
 00BA                   .dbline 88
 00BA           ; }             
 00BA 9F8F              xcall _recibe
 00BC 62D000            mov REG[0xd0],>_Cam2
 00BF 5300              mov [_Cam2],A
 00C1                   .dbline 89
 00C1           ; }             
 00C1 9F88              xcall _recibe
 00C3 62D000            mov REG[0xd0],>_Ent1
 00C6 5300              mov [_Ent1],A
 00C8                   .dbline 90
 00C8           ; }             
 00C8 9F81              xcall _recibe
 00CA 62D000            mov REG[0xd0],>_Ent2
 00CD 5300              mov [_Ent2],A
 00CF                   .dbline 91
 00CF           ; }             
 00CF 9F7A              xcall _recibe
 00D1 62D000            mov REG[0xd0],>_Ent3
 00D4 5300              mov [_Ent3],A
 00D6                   .dbline 92
 00D6           ; }             
 00D6 9F73              xcall _recibe
 00D8 62D000            mov REG[0xd0],>_Ent4
 00DB 5300              mov [_Ent4],A
 00DD                   .dbline 93
 00DD           ; }             
 00DD 9F6C              xcall _recibe
 00DF 62D000            mov REG[0xd0],>_Fla1
 00E2 5300              mov [_Fla1],A
 00E4                   .dbline 94
 00E4           ; }             
 00E4 9F65              xcall _recibe
 00E6 62D000            mov REG[0xd0],>_Fla2
 00E9 5300              mov [_Fla2],A
 00EB                   .dbline 95
 00EB           ; }             
 00EB 9F5E              xcall _recibe
 00ED 62D000            mov REG[0xd0],>_Fla3
 00F0 5300              mov [_Fla3],A
 00F2                   .dbline 96
 00F2           ; }             
 00F2 9F57              xcall _recibe
 00F4 62D000            mov REG[0xd0],>_Fla4
 00F7 5300              mov [_Fla4],A
 00F9                   .dbline 98
 00F9           ; }             
 00F9           ; }             
 00F9 62D000            mov REG[0xd0],>_Cam1
 00FC 3C0002            cmp [_Cam1],2
 00FF B008              jnz L19
 0101                   .dbline 99
 0101           ; }             
 0101 9F48              xcall _recibe
 0103 62D000            mov REG[0xd0],>_Int1_Tdisp
 0106 5300              mov [_Int1_Tdisp],A
 0108           L19:
 0108                   .dbline 100
 0108           ; }             
 0108 9F41              xcall _recibe
 010A 62D000            mov REG[0xd0],>_Int1_Tdisp_Uni
 010D 5300              mov [_Int1_Tdisp_Uni],A
 010F                   .dbline 101
 010F           ; }             
 010F 9F3A              xcall _recibe
 0111 62D000            mov REG[0xd0],>_Int1_Ndisp
 0114 5300              mov [_Int1_Ndisp],A
 0116                   .dbline 103
 0116           ; }             
 0116           ; }             
 0116 62D000            mov REG[0xd0],>_Cam2
 0119 3C0002            cmp [_Cam2],2
 011C B008              jnz L21
 011E                   .dbline 104
 011E           ; }             
 011E 9F2B              xcall _recibe
 0120 62D000            mov REG[0xd0],>_Int2_Tdisp
 0123 5300              mov [_Int2_Tdisp],A
 0125           L21:
 0125                   .dbline 105
 0125           ; }             
 0125 9F24              xcall _recibe
 0127 62D000            mov REG[0xd0],>_Int2_Tdisp_Uni
 012A 5300              mov [_Int2_Tdisp_Uni],A
 012C                   .dbline 106
 012C           ; }             
 012C 9F1D              xcall _recibe
 012E 62D000            mov REG[0xd0],>_Int2_Ndisp
 0131 5300              mov [_Int2_Ndisp],A
 0133                   .dbline 108
 0133           ; }             
 0133           ; }             
 0133 62D000            mov REG[0xd0],>_Cam1
 0136 3C0003            cmp [_Cam1],3
 0139 B008              jnz L23
 013B                   .dbline 109
 013B           ; }             
 013B 9F0E              xcall _recibe
 013D 62D000            mov REG[0xd0],>_TL1_Treal
 0140 5300              mov [_TL1_Treal],A
 0142           L23:
 0142                   .dbline 110
 0142           ; }             
 0142 9F07              xcall _recibe
 0144 62D000            mov REG[0xd0],>_TL1_Treal_Uni
 0147 5300              mov [_TL1_Treal_Uni],A
 0149                   .dbline 111
 0149           ; }             
 0149 9F00              xcall _recibe
 014B 62D000            mov REG[0xd0],>_TL1_Tfilm
 014E 5300              mov [_TL1_Tfilm],A
 0150                   .dbline 112
 0150           ; }             
 0150 9EF9              xcall _recibe
 0152 62D000            mov REG[0xd0],>_TL1_Tfilm_Uni
 0155 5300              mov [_TL1_Tfilm_Uni],A
 0157                   .dbline 114
 0157           ; }             
 0157           ; }             
 0157 62D000            mov REG[0xd0],>_Cam2
 015A 3C0003            cmp [_Cam2],3
 015D B008              jnz L25
 015F                   .dbline 115
 015F           ; }             
 015F 9EEA              xcall _recibe
 0161 62D000            mov REG[0xd0],>_TL2_Treal
 0164 5300              mov [_TL2_Treal],A
 0166           L25:
 0166                   .dbline 116
 0166           ; }             
 0166 9EE3              xcall _recibe
 0168 62D000            mov REG[0xd0],>_TL2_Treal_Uni
 016B 5300              mov [_TL2_Treal_Uni],A
 016D                   .dbline 117
 016D           ; }             
 016D 9EDC              xcall _recibe
 016F 62D000            mov REG[0xd0],>_TL2_Tfilm
 0172 5300              mov [_TL2_Tfilm],A
 0174                   .dbline 118
 0174           ; }             
 0174 9ED5              xcall _recibe
 0176 62D000            mov REG[0xd0],>_TL2_Tfilm_Uni
 0179 5300              mov [_TL2_Tfilm_Uni],A
 017B                   .dbline -2
 017B                   .dbline 121
 017B           ; }             
 017B           ; }             
 017B           ; }             
 017B           L18:
 017B                   .dbline 0 ; func end
 017B 7F                ret
 017C                   .dbend
 017C                   .dbfunc e preparadisparo _preparadisparo fV
 017C           ; preparadisparo_tp_clip -> X+4
 017C           ; preparadisparo_tp_real -> X+0
 017C           _preparadisparo::
 017C                   .dbline -1
 017C 10                push X
 017D 4F                mov X,SP
 017E 380C              add SP,12
 0180                   .dbline 136
 0180           ; }             
 0180           ; }             
 0180           ; }             
 0180           ; }             
 0180           ; }             
 0180           ; }             
 0180           ; }             
 0180           ; }             
 0180           ; }             
 0180           ; }             
 0180           ; }             
 0180           ; }             
 0180           ; }             
 0180           ; }             
 0180           ; }             
 0180                   .dbline 142
 0180           ; }             
 0180           ; }             
 0180           ; }             
 0180           ; }             
 0180           ; }             
 0180           ; }             
 0180 62D000            mov REG[0xd0],>_tocacam1
 0183 550001            mov [_tocacam1],1
 0186                   .dbline 143
 0186           ; }             
 0186 62D000            mov REG[0xd0],>_tocacam2
 0189 550001            mov [_tocacam2],1
 018C                   .dbline 145
 018C           ; }             
 018C           ; }             
 018C 62D000            mov REG[0xd0],>_Cam1
 018F 5100              mov A,[_Cam1]
 0191 5409              mov [X+9],A
 0193 560800            mov [X+8],0
 0196 3D0800            cmp [X+8],0
 0199 B006              jnz X2
 019B 3D0902            cmp [X+9],2
 019E A00D              jz L31
 01A0           X2:
 01A0 3D0800            cmp [X+8],0
 01A3 B006              jnz X3
 01A5 3D0903            cmp [X+9],3
 01A8 A040              jz L32
 01AA           X3:
 01AA 80F3              xjmp L28
 01AC           X0:
 01AC                   .dbline 146
 01AC           ; }             
 01AC           L31:
 01AC                   .dbline 148
 01AC           ; }             
 01AC           ; }             
 01AC 62D000            mov REG[0xd0],>_Int1_Ndisp
 01AF 5100              mov A,[_Int1_Ndisp]
 01B1 08                push A
 01B2 62D000            mov REG[0xd0],>_dspCam1
 01B5 550000            mov [_dspCam1],0
 01B8 18                pop A
 01B9 5301              mov [_dspCam1+1],A
 01BB                   .dbline 149
 01BB           ; }             
 01BB 62D000            mov REG[0xd0],>_Int1_Tdisp_Uni
 01BE 5100              mov A,[_Int1_Tdisp_Uni]
 01C0 08                push A
 01C1 62D000            mov REG[0xd0],>_Int1_Tdisp
 01C4 5100              mov A,[_Int1_Tdisp]
 01C6 08                push A
 01C7 91EB              xcall _calculosegundos
 01C9 38FE              add SP,-2
 01CB 62D000            mov REG[0xd0],>__r0
 01CE 5100              mov A,[__r0]
 01D0 08                push A
 01D1 5100              mov A,[__r1]
 01D3 08                push A
 01D4 5100              mov A,[__r2]
 01D6 08                push A
 01D7 5100              mov A,[__r3]
 01D9 62D000            mov REG[0xd0],>_tpCam1
 01DC 5303              mov [_tpCam1+3],A
 01DE 18                pop A
 01DF 5302              mov [_tpCam1+2],A
 01E1 18                pop A
 01E2 5301              mov [_tpCam1+1],A
 01E4 18                pop A
 01E5 5300              mov [_tpCam1],A
 01E7                   .dbline 150
 01E7           ; }             
 01E7 80B6              xjmp L29
 01E9           L32:
 01E9                   .dbline 152
 01E9           ; }             
 01E9           ; }             
 01E9 62D000            mov REG[0xd0],>_TL1_Treal_Uni
 01EC 5100              mov A,[_TL1_Treal_Uni]
 01EE 08                push A
 01EF 62D000            mov REG[0xd0],>_TL1_Treal
 01F2 5100              mov A,[_TL1_Treal]
 01F4 08                push A
 01F5 91BD              xcall _calculosegundos
 01F7 62D000            mov REG[0xd0],>__r0
 01FA 5100              mov A,[__r0]
 01FC 5400              mov [X+0],A
 01FE 5100              mov A,[__r1]
 0200 5401              mov [X+1],A
 0202 5100              mov A,[__r2]
 0204 5402              mov [X+2],A
 0206 5100              mov A,[__r3]
 0208 5403              mov [X+3],A
 020A                   .dbline 153
 020A           ; }             
 020A 62D000            mov REG[0xd0],>_TL1_Tfilm_Uni
 020D 5100              mov A,[_TL1_Tfilm_Uni]
 020F 08                push A
 0210 62D000            mov REG[0xd0],>_TL1_Tfilm
 0213 5100              mov A,[_TL1_Tfilm]
 0215 08                push A
 0216 919C              xcall _calculosegundos
 0218 38FC              add SP,-4
 021A 62D000            mov REG[0xd0],>__r0
 021D 5100              mov A,[__r0]
 021F 5404              mov [X+4],A
 0221 5100              mov A,[__r1]
 0223 5405              mov [X+5],A
 0225 5100              mov A,[__r2]
 0227 5406              mov [X+6],A
 0229 5100              mov A,[__r3]
 022B 5407              mov [X+7],A
 022D                   .dbline 154
 022D           ; }             
 022D 5204              mov A,[X+4]
 022F 08                push A
 0230 5205              mov A,[X+5]
 0232 08                push A
 0233 5206              mov A,[X+6]
 0235 08                push A
 0236 5207              mov A,[X+7]
 0238 08                push A
 0239 5000              mov A,0
 023B 08                push A
 023C 08                push A
 023D 08                push A
 023E 5019              mov A,25
 0240 08                push A
 0241 7C0000            xcall __mul_32X32_32
 0244 38FC              add SP,-4
 0246 18                pop A
 0247 5300              mov [__r3],A
 0249 18                pop A
 024A 5300              mov [__r2],A
 024C 18                pop A
 024D 18                pop A
 024E 5100              mov A,[__r3]
 0250 5300              mov [__r1],A
 0252 5100              mov A,[__r2]
 0254 5300              mov [__r0],A
 0256 5100              mov A,[__r1]
 0258 08                push A
 0259 5100              mov A,[__r0]
 025B 62D000            mov REG[0xd0],>_dspCam1
 025E 5300              mov [_dspCam1],A
 0260 18                pop A
 0261 5301              mov [_dspCam1+1],A
 0263                   .dbline 155
 0263           ; }             
 0263 5101              mov A,[_dspCam1+1]
 0265 62D000            mov REG[0xd0],>__r0
 0268 5300              mov [__r3],A
 026A 62D000            mov REG[0xd0],>_dspCam1
 026D 5100              mov A,[_dspCam1]
 026F 62D000            mov REG[0xd0],>__r0
 0272 5300              mov [__r2],A
 0274 5000              mov A,0
 0276 08                push A
 0277 08                push A
 0278 5100              mov A,[__r2]
 027A 08                push A
 027B 5100              mov A,[__r3]
 027D 08                push A
 027E 5200              mov A,[X+0]
 0280 08                push A
 0281 5201              mov A,[X+1]
 0283 08                push A
 0284 5202              mov A,[X+2]
 0286 08                push A
 0287 5203              mov A,[X+3]
 0289 08                push A
 028A 7C0000            xcall __divmodu_32X32_32
 028D 18                pop A
 028E 62D000            mov REG[0xd0],>_tpCam1
 0291 5303              mov [_tpCam1+3],A
 0293 18                pop A
 0294 5302              mov [_tpCam1+2],A
 0296 18                pop A
 0297 5301              mov [_tpCam1+1],A
 0299 18                pop A
 029A 5300              mov [_tpCam1],A
 029C 38FC              add SP,-4
 029E                   .dbline 156
 029E           ; }             
 029E           L28:
 029E           L29:
 029E                   .dbline 158
 029E           ; }             
 029E           ; }             
 029E 62D000            mov REG[0xd0],>_Cam2
 02A1 5100              mov A,[_Cam2]
 02A3 540B              mov [X+11],A
 02A5 560A00            mov [X+10],0
 02A8 3D0A00            cmp [X+10],0
 02AB B006              jnz X4
 02AD 3D0B02            cmp [X+11],2
 02B0 A00D              jz L36
 02B2           X4:
 02B2 3D0A00            cmp [X+10],0
 02B5 B006              jnz X5
 02B7 3D0B03            cmp [X+11],3
 02BA A040              jz L37
 02BC           X5:
 02BC 80F3              xjmp L33
 02BE           X1:
 02BE                   .dbline 159
 02BE           ; }             
 02BE           L36:
 02BE                   .dbline 161
 02BE           ; }             
 02BE           ; }             
 02BE 62D000            mov REG[0xd0],>_Int2_Ndisp
 02C1 5100              mov A,[_Int2_Ndisp]
 02C3 08                push A
 02C4 62D000            mov REG[0xd0],>_dspCam2
 02C7 550000            mov [_dspCam2],0
 02CA 18                pop A
 02CB 5301              mov [_dspCam2+1],A
 02CD                   .dbline 162
 02CD           ; }             
 02CD 62D000            mov REG[0xd0],>_Int2_Tdisp_Uni
 02D0 5100              mov A,[_Int2_Tdisp_Uni]
 02D2 08                push A
 02D3 62D000            mov REG[0xd0],>_Int2_Tdisp
 02D6 5100              mov A,[_Int2_Tdisp]
 02D8 08                push A
 02D9 90D9              xcall _calculosegundos
 02DB 38FE              add SP,-2
 02DD 62D000            mov REG[0xd0],>__r0
 02E0 5100              mov A,[__r0]
 02E2 08                push A
 02E3 5100              mov A,[__r1]
 02E5 08                push A
 02E6 5100              mov A,[__r2]
 02E8 08                push A
 02E9 5100              mov A,[__r3]
 02EB 62D000            mov REG[0xd0],>_tpCam2
 02EE 5303              mov [_tpCam2+3],A
 02F0 18                pop A
 02F1 5302              mov [_tpCam2+2],A
 02F3 18                pop A
 02F4 5301              mov [_tpCam2+1],A
 02F6 18                pop A
 02F7 5300              mov [_tpCam2],A
 02F9                   .dbline 163
 02F9           ; }             
 02F9 80B6              xjmp L34
 02FB           L37:
 02FB                   .dbline 165
 02FB           ; }             
 02FB           ; }             
 02FB 62D000            mov REG[0xd0],>_TL2_Treal_Uni
 02FE 5100              mov A,[_TL2_Treal_Uni]
 0300 08                push A
 0301 62D000            mov REG[0xd0],>_TL2_Treal
 0304 5100              mov A,[_TL2_Treal]
 0306 08                push A
 0307 90AB              xcall _calculosegundos
 0309 62D000            mov REG[0xd0],>__r0
 030C 5100              mov A,[__r0]
 030E 5400              mov [X+0],A
 0310 5100              mov A,[__r1]
 0312 5401              mov [X+1],A
 0314 5100              mov A,[__r2]
 0316 5402              mov [X+2],A
 0318 5100              mov A,[__r3]
 031A 5403              mov [X+3],A
 031C                   .dbline 166
 031C           ; }             
 031C 62D000            mov REG[0xd0],>_TL2_Tfilm_Uni
 031F 5100              mov A,[_TL2_Tfilm_Uni]
 0321 08                push A
 0322 62D000            mov REG[0xd0],>_TL2_Tfilm
 0325 5100              mov A,[_TL2_Tfilm]
 0327 08                push A
 0328 908A              xcall _calculosegundos
 032A 38FC              add SP,-4
 032C 62D000            mov REG[0xd0],>__r0
 032F 5100              mov A,[__r0]
 0331 5404              mov [X+4],A
 0333 5100              mov A,[__r1]
 0335 5405              mov [X+5],A
 0337 5100              mov A,[__r2]
 0339 5406              mov [X+6],A
 033B 5100              mov A,[__r3]
 033D 5407              mov [X+7],A
 033F                   .dbline 167
 033F           ; }             
 033F 5204              mov A,[X+4]
 0341 08                push A
 0342 5205              mov A,[X+5]
 0344 08                push A
 0345 5206              mov A,[X+6]
 0347 08                push A
 0348 5207              mov A,[X+7]
 034A 08                push A
 034B 5000              mov A,0
 034D 08                push A
 034E 08                push A
 034F 08                push A
 0350 5019              mov A,25
 0352 08                push A
 0353 7C0000            xcall __mul_32X32_32
 0356 38FC              add SP,-4
 0358 18                pop A
 0359 5300              mov [__r3],A
 035B 18                pop A
 035C 5300              mov [__r2],A
 035E 18                pop A
 035F 18                pop A
 0360 5100              mov A,[__r3]
 0362 5300              mov [__r1],A
 0364 5100              mov A,[__r2]
 0366 5300              mov [__r0],A
 0368 5100              mov A,[__r1]
 036A 08                push A
 036B 5100              mov A,[__r0]
 036D 62D000            mov REG[0xd0],>_dspCam2
 0370 5300              mov [_dspCam2],A
 0372 18                pop A
 0373 5301              mov [_dspCam2+1],A
 0375                   .dbline 168
 0375           ; }             
 0375 5101              mov A,[_dspCam2+1]
 0377 62D000            mov REG[0xd0],>__r0
 037A 5300              mov [__r3],A
 037C 62D000            mov REG[0xd0],>_dspCam2
 037F 5100              mov A,[_dspCam2]
 0381 62D000            mov REG[0xd0],>__r0
 0384 5300              mov [__r2],A
 0386 5000              mov A,0
 0388 08                push A
 0389 08                push A
 038A 5100              mov A,[__r2]
 038C 08                push A
 038D 5100              mov A,[__r3]
 038F 08                push A
 0390 5200              mov A,[X+0]
 0392 08                push A
 0393 5201              mov A,[X+1]
 0395 08                push A
 0396 5202              mov A,[X+2]
 0398 08                push A
 0399 5203              mov A,[X+3]
 039B 08                push A
 039C 7C0000            xcall __divmodu_32X32_32
 039F 18                pop A
 03A0 62D000            mov REG[0xd0],>_tpCam2
 03A3 5303              mov [_tpCam2+3],A
 03A5 18                pop A
 03A6 5302              mov [_tpCam2+2],A
 03A8 18                pop A
 03A9 5301              mov [_tpCam2+1],A
 03AB 18                pop A
 03AC 5300              mov [_tpCam2],A
 03AE 38FC              add SP,-4
 03B0                   .dbline 169
 03B0           ; }             
 03B0           L33:
 03B0           L34:
 03B0                   .dbline -2
 03B0                   .dbline 171
 03B0           ; }             
 03B0           ; }             
 03B0           L27:
 03B0 38F4              add SP,-12
 03B2 20                pop X
 03B3                   .dbline 0 ; func end
 03B3 7F                ret
 03B4                   .dbsym l preparadisparo_tp_clip 4 l
 03B4                   .dbsym l preparadisparo_tp_real 0 l
 03B4                   .dbend
 03B4                   .dbfunc e calculosegundos _calculosegundos fl
 03B4           ;      resultado -> X+0
 03B4           ;       unidades -> X-5
 03B4           ;         numero -> X-4
 03B4           _calculosegundos::
 03B4                   .dbline -1
 03B4 10                push X
 03B5 4F                mov X,SP
 03B6 3804              add SP,4
 03B8                   .dbline 186
 03B8           ; }             
 03B8           ; }             
 03B8           ; }             
 03B8           ; }             
 03B8           ; }             
 03B8           ; }             
 03B8           ; }             
 03B8           ; }             
 03B8           ; }             
 03B8           ; }             
 03B8           ; }             
 03B8           ; }             
 03B8           ; }             
 03B8           ; }             
 03B8           ; }             
 03B8                   .dbline 188
 03B8           ; }             
 03B8           ; }             
 03B8 3DFB01            cmp [X-5],1
 03BB B00E              jnz L39
 03BD                   .dbline 188
 03BD 52FC              mov A,[X-4]
 03BF 5403              mov [X+3],A
 03C1 560200            mov [X+2],0
 03C4 560100            mov [X+1],0
 03C7 560000            mov [X+0],0
 03CA           L39:
 03CA                   .dbline 189
 03CA           ; }             
 03CA 3DFB02            cmp [X-5],2
 03CD B03C              jnz L41
 03CF                   .dbline 189
 03CF 62D000            mov REG[0xd0],>__r0
 03D2 52FC              mov A,[X-4]
 03D4 5300              mov [__r1],A
 03D6 5000              mov A,0
 03D8 08                push A
 03D9 5100              mov A,[__r1]
 03DB 08                push A
 03DC 5000              mov A,0
 03DE 08                push A
 03DF 503C              mov A,60
 03E1 08                push A
 03E2 7C0000            xcall __mul16
 03E5 38FC              add SP,-4
 03E7 5100              mov A,[__rX]
 03E9 5300              mov [__r1],A
 03EB 5100              mov A,[__rY]
 03ED 5300              mov [__r0],A
 03EF 5100              mov A,[__r1]
 03F1 5403              mov [X+3],A
 03F3 5100              mov A,[__r0]
 03F5 5402              mov [X+2],A
 03F7 480280            tst [X+2],-128
 03FA A009              jz X6
 03FC 5601FF            mov [X+1],-1
 03FF 5600FF            mov [X+0],-1
 0402 8007              jmp X7
 0404           X6:
 0404 560100            mov [X+1],0
 0407 560000            mov [X+0],0
 040A           X7:
 040A           L41:
 040A                   .dbline 190
 040A           ; }             
 040A 3DFB03            cmp [X-5],3
 040D B03C              jnz L43
 040F                   .dbline 190
 040F 62D000            mov REG[0xd0],>__r0
 0412 52FC              mov A,[X-4]
 0414 5300              mov [__r1],A
 0416 5000              mov A,0
 0418 08                push A
 0419 5100              mov A,[__r1]
 041B 08                push A
 041C 500E              mov A,14
 041E 08                push A
 041F 5010              mov A,16
 0421 08                push A
 0422 7C0000            xcall __mul16
 0425 38FC              add SP,-4
 0427 5100              mov A,[__rX]
 0429 5300              mov [__r1],A
 042B 5100              mov A,[__rY]
 042D 5300              mov [__r0],A
 042F 5100              mov A,[__r1]
 0431 5403              mov [X+3],A
 0433 5100              mov A,[__r0]
 0435 5402              mov [X+2],A
 0437 480280            tst [X+2],-128
 043A A009              jz X8
 043C 5601FF            mov [X+1],-1
 043F 5600FF            mov [X+0],-1
 0442 8007              jmp X9
 0444           X8:
 0444 560100            mov [X+1],0
 0447 560000            mov [X+0],0
 044A           X9:
 044A           L43:
 044A                   .dbline 191
 044A           ; }             
 044A 62D000            mov REG[0xd0],>__r0
 044D 5200              mov A,[X+0]
 044F 5300              mov [__r0],A
 0451 5201              mov A,[X+1]
 0453 5300              mov [__r1],A
 0455 5202              mov A,[X+2]
 0457 5300              mov [__r2],A
 0459 5203              mov A,[X+3]
 045B 5300              mov [__r3],A
 045D                   .dbline -2
 045D           L38:
 045D 38FC              add SP,-4
 045F 20                pop X
 0460                   .dbline 0 ; func end
 0460 7F                ret
 0461                   .dbsym l resultado 0 l
 0461                   .dbsym l unidades -5 c
 0461                   .dbsym l numero -4 c
 0461                   .dbend
 0461                   .dbfunc e activar_sensores _activar_sensores fV
 0461           _activar_sensores::
 0461                   .dbline -1
 0461                   .dbline 207
 0461           ; }             
 0461           ; }             
 0461           ; }             
 0461           ; }             
 0461           ; }             
 0461           ; }             
 0461           ; }             
 0461           ; }             
 0461           ; }             
 0461           ; }             
 0461           ; }             
 0461           ; }             
 0461           ; }             
 0461           ; }             
 0461           ; }             
 0461           ; }             
 0461                   .dbline 208
 0461           ; }             
 0461 62D000            mov REG[0xd0],>_Ent1
 0464 3C0001            cmp [_Ent1],1
 0467 A019              jz L50
 0469 62D000            mov REG[0xd0],>_Ent2
 046C 3C0001            cmp [_Ent2],1
 046F A011              jz L50
 0471 62D000            mov REG[0xd0],>_Ent3
 0474 3C0001            cmp [_Ent3],1
 0477 A009              jz L50
 0479 62D000            mov REG[0xd0],>_Ent4
 047C 3C0001            cmp [_Ent4],1
 047F B006              jnz L46
 0481           L50:
 0481                   .dbline 209
 0481                   .dbline 210
 0481 43E020            or REG[0xe0],32
 0484                   .dbline 211
 0484 7101                      or  F, 01h
 0486           
 0486                   .dbline 212
 0486           L46:
 0486                   .dbline -2
 0486                   .dbline 213
 0486           ; }             
 0486           ; }             
 0486           ; }             
 0486           ; }             
 0486           ; }             
 0486           L45:
 0486                   .dbline 0 ; func end
 0486 7F                ret
 0487                   .dbend
 0487                   .dbfunc e ejecucion _ejecucion fV
 0487           _ejecucion::
 0487                   .dbline -1
 0487                   .dbline 228
 0487           ; }             
 0487           ; }             
 0487           ; }             
 0487           ; }             
 0487           ; }             
 0487           ; }             
 0487           ; }             
 0487           ; }             
 0487           ; }             
 0487           ; }             
 0487           ; }             
 0487           ; }             
 0487           ; }             
 0487           ; }             
 0487           ; }             
 0487           L52:
 0487                   .dbline 230
 0487           ; }             
 0487           ; }             
 0487                   .dbline 231
 0487           ; }             
 0487 900B              xcall _bucle
 0489                   .dbline 232
 0489           ; }             
 0489           L53:
 0489                   .dbline 233
 0489           ; }             
 0489 62D000            mov REG[0xd0],>_fintrabajo
 048C 3C00FF            cmp [_fintrabajo],-1
 048F BFF7              jnz L52
 0491                   .dbline 235
 0491           ; }             
 0491           ; }             
 0491 920F              xcall _envia_fintrabajo
 0493                   .dbline -2
 0493                   .dbline 236
 0493           ; }             
 0493           L51:
 0493                   .dbline 0 ; func end
 0493 7F                ret
 0494                   .dbend
 0494                   .dbfunc e bucle _bucle fV
 0494           ;    fintrabajo2 -> X+3
 0494           ;    fintrabajo1 -> X+2
 0494           ;   bucle_acaba2 -> X+1
 0494           ;   bucle_acaba1 -> X+0
 0494           _bucle::
 0494                   .dbline -1
 0494 10                push X
 0495 4F                mov X,SP
 0496 3804              add SP,4
 0498                   .dbline 251
 0498           ; }             
 0498           ; }             
 0498           ; }             
 0498           ; }             
 0498           ; }             
 0498           ; }             
 0498           ; }             
 0498           ; }             
 0498           ; }             
 0498           ; }             
 0498           ; }             
 0498           ; }             
 0498           ; }             
 0498           ; }             
 0498           ; }             
 0498                   .dbline 252
 0498           ; }             
 0498 560000            mov [X+0],0
 049B                   .dbline 252
 049B 560100            mov [X+1],0
 049E                   .dbline 253
 049E           ; }             
 049E 560200            mov [X+2],0
 04A1                   .dbline 253
 04A1 560300            mov [X+3],0
 04A4                   .dbline 256
 04A4           ; }             
 04A4           ; }             
 04A4           ; }             
 04A4 62D000            mov REG[0xd0],>_Cam1
 04A7 3C0002            cmp [_Cam1],2
 04AA A013              jz L60
 04AC 3C0003            cmp [_Cam1],3
 04AF A00E              jz L60
 04B1 62D000            mov REG[0xd0],>_Cam2
 04B4 3C0002            cmp [_Cam2],2
 04B7 A006              jz L60
 04B9 3C0003            cmp [_Cam2],3
 04BC B014              jnz L56
 04BE           L60:
 04BE                   .dbline 257
 04BE           ; }             
 04BE                   .dbline 258
 04BE           ; }             
 04BE 10                push X
 04BF 7C0000            xcall _Segundos_EnableInt
 04C2 20                pop X
 04C3                   .dbline 259
 04C3           ; }             
 04C3 7101                      or  F, 01h
 04C5           
 04C5                   .dbline 260
 04C5           ; }             
 04C5 10                push X
 04C6 5727              mov X,39
 04C8 5010              mov A,16
 04CA 7C0000            xcall _Segundos_WritePeriod
 04CD                   .dbline 261
 04CD           ; }             
 04CD 7C0000            xcall _Segundos_Start
 04D0 20                pop X
 04D1                   .dbline 262
 04D1           ; }             
 04D1           L56:
 04D1           L61:
 04D1                   .dbline 265
 04D1           ; }             
 04D1           ; }             
 04D1           ; }             
 04D1                   .dbline 266
 04D1 62D000            mov REG[0xd0],>_tocacam1
 04D4 3C0001            cmp [_tocacam1],1
 04D7 A009              jz L66
 04D9 62D000            mov REG[0xd0],>_tocacam2
 04DC 3C0001            cmp [_tocacam2],1
 04DF B003              jnz L64
 04E1           L66:
 04E1                   .dbline 266
 04E1           ; }             
 04E1 90D2              xcall _disparo
 04E3           L64:
 04E3                   .dbline 268
 04E3           ; }             
 04E3           ; }             
 04E3 3D0000            cmp [X+0],0
 04E6 B042              jnz L67
 04E8                   .dbline 269
 04E8           ; }             
 04E8                   .dbline 270
 04E8 62D000            mov REG[0xd0],>_Cam1
 04EB 3C0000            cmp [_Cam1],0
 04EE A006              jz L71
 04F0 3C0001            cmp [_Cam1],1
 04F3 B006              jnz L69
 04F5           L71:
 04F5                   .dbline 270
 04F5           ; }             
 04F5 560001            mov [X+0],1
 04F8 8030              xjmp L70
 04FA           L69:
 04FA                   .dbline 272
 04FA           ; }             
 04FA           ; }             
 04FA                   .dbline 273
 04FA           ; }             
 04FA 62D000            mov REG[0xd0],>_chivato1
 04FD 3C0001            cmp [_chivato1],1
 0500 B00D              jnz L72
 0502                   .dbline 274
 0502           ; }             
 0502                   .dbline 275
 0502           ; }             
 0502 62D000            mov REG[0xd0],>_tocacam1
 0505 550001            mov [_tocacam1],1
 0508                   .dbline 276
 0508           ; }             
 0508 62D000            mov REG[0xd0],>_chivato1
 050B 550000            mov [_chivato1],0
 050E                   .dbline 277
 050E           ; }             
 050E           L72:
 050E                   .dbline 278
 050E           ; }             
 050E 62D000            mov REG[0xd0],>_contadordspCam1
 0511 5100              mov A,[_contadordspCam1]
 0513 62D000            mov REG[0xd0],>_dspCam1
 0516 3A00              cmp A,[_dspCam1]
 0518 B010              jnz L74
 051A 62D000            mov REG[0xd0],>_contadordspCam1
 051D 5101              mov A,[_contadordspCam1+1]
 051F 62D000            mov REG[0xd0],>_dspCam1
 0522 3A01              cmp A,[_dspCam1+1]
 0524 B004              jnz L74
 0526           X10:
 0526                   .dbline 278
 0526 560001            mov [X+0],1
 0529           L74:
 0529                   .dbline 279
 0529           ; }             
 0529           L70:
 0529                   .dbline 280
 0529           ; }             
 0529           L67:
 0529                   .dbline 282
 0529           ; }             
 0529           ; }             
 0529 3D0100            cmp [X+1],0
 052C B042              jnz L76
 052E                   .dbline 283
 052E           ; }             
 052E                   .dbline 284
 052E 62D000            mov REG[0xd0],>_Cam2
 0531 3C0000            cmp [_Cam2],0
 0534 A006              jz L80
 0536 3C0001            cmp [_Cam2],1
 0539 B006              jnz L78
 053B           L80:
 053B                   .dbline 284
 053B           ; }             
 053B 560101            mov [X+1],1
 053E 8030              xjmp L79
 0540           L78:
 0540                   .dbline 286
 0540           ; }             
 0540           ; }             
 0540                   .dbline 287
 0540           ; }             
 0540 62D000            mov REG[0xd0],>_chivato2
 0543 3C0001            cmp [_chivato2],1
 0546 B00D              jnz L81
 0548                   .dbline 288
 0548           ; }             
 0548                   .dbline 289
 0548           ; }             
 0548 62D000            mov REG[0xd0],>_tocacam2
 054B 550001            mov [_tocacam2],1
 054E                   .dbline 290
 054E           ; }             
 054E 62D000            mov REG[0xd0],>_chivato2
 0551 550000            mov [_chivato2],0
 0554                   .dbline 291
 0554           ; }             
 0554           L81:
 0554                   .dbline 292
 0554           ; }             
 0554 62D000            mov REG[0xd0],>_contadordspCam2
 0557 5100              mov A,[_contadordspCam2]
 0559 62D000            mov REG[0xd0],>_dspCam2
 055C 3A00              cmp A,[_dspCam2]
 055E B010              jnz L83
 0560 62D000            mov REG[0xd0],>_contadordspCam2
 0563 5101              mov A,[_contadordspCam2+1]
 0565 62D000            mov REG[0xd0],>_dspCam2
 0568 3A01              cmp A,[_dspCam2+1]
 056A B004              jnz L83
 056C           X11:
 056C                   .dbline 292
 056C 560101            mov [X+1],1
 056F           L83:
 056F                   .dbline 293
 056F           ; }             
 056F           L79:
 056F                   .dbline 294
 056F           ; }             
 056F           L76:
 056F                   .dbline 295
 056F           ; }             
 056F           L62:
 056F                   .dbline 296
 056F           ; }             
 056F 3D0000            cmp [X+0],0
 0572 AF5E              jz L61
 0574 3D0100            cmp [X+1],0
 0577 AF59              jz L61
 0579                   .dbline 298
 0579           ; }             
 0579           ; }             
 0579 62D000            mov REG[0xd0],>_Cam1
 057C 3C0001            cmp [_Cam1],1
 057F A009              jz L87
 0581 62D000            mov REG[0xd0],>_Cam2
 0584 3C0001            cmp [_Cam2],1
 0587 B023              jnz L85
 0589           L87:
 0589 62D000            mov REG[0xd0],>_Ent1
 058C 3C0001            cmp [_Ent1],1
 058F A019              jz L90
 0591 62D000            mov REG[0xd0],>_Ent2
 0594 3C0001            cmp [_Ent2],1
 0597 A011              jz L90
 0599 62D000            mov REG[0xd0],>_Ent3
 059C 3C0001            cmp [_Ent3],1
 059F A009              jz L90
 05A1 62D000            mov REG[0xd0],>_Ent4
 05A4 3C0001            cmp [_Ent4],1
 05A7 B003              jnz L85
 05A9           L90:
 05A9                   .dbline 298
 05A9           L91:
 05A9                   .dbline 298
 05A9                   .dbline 298
 05A9                   .dbline 298
 05A9 8FFF              xjmp L91
 05AB           L85:
 05AB                   .dbline 300
 05AB           ; }             
 05AB           ; }             
 05AB 62D000            mov REG[0xd0],>_fintrabajo
 05AE 5500FF            mov [_fintrabajo],-1
 05B1                   .dbline -2
 05B1                   .dbline 301
 05B1           ; }             
 05B1           L55:
 05B1 38FC              add SP,-4
 05B3 20                pop X
 05B4                   .dbline 0 ; func end
 05B4 7F                ret
 05B5                   .dbsym l fintrabajo2 3 c
 05B5                   .dbsym l fintrabajo1 2 c
 05B5                   .dbsym l bucle_acaba2 1 c
 05B5                   .dbsym l bucle_acaba1 0 c
 05B5                   .dbend
 05B5                   .dbfunc e disparo _disparo fV
 05B5           ;              x -> X+0
 05B5           _disparo::
 05B5                   .dbline -1
 05B5 10                push X
 05B6 4F                mov X,SP
 05B7 3802              add SP,2
 05B9                   .dbline 316
 05B9           ; }             
 05B9           ; }             
 05B9           ; }             
 05B9           ; }             
 05B9           ; }             
 05B9           ; }             
 05B9           ; }             
 05B9           ; }             
 05B9           ; }             
 05B9           ; }             
 05B9           ; }             
 05B9           ; }             
 05B9           ; }             
 05B9           ; }             
 05B9           ; }             
 05B9                   .dbline 320
 05B9           ; }             
 05B9           ; }             
 05B9           ; }             
 05B9           ; }             
 05B9 62D000            mov REG[0xd0],>_tocacam1
 05BC 3C0001            cmp [_tocacam1],1
 05BF B00F              jnz L96
 05C1                   .dbline 321
 05C1           ; }             
 05C1                   .dbline 322
 05C1           ; }             
 05C1 430801            or REG[0x8],1
 05C4                   .dbline 323
 05C4           ; }             
 05C4 430804            or REG[0x8],4
 05C7                   .dbline 324
 05C7           ; }             
 05C7 62D000            mov REG[0xd0],>_contadordspCam1
 05CA 7601              inc [_contadordspCam1+1]
 05CC 0E0000            adc [_contadordspCam1],0
 05CF                   .dbline 325
 05CF           ; }             
 05CF           L96:
 05CF                   .dbline 326
 05CF           ; }             
 05CF 62D000            mov REG[0xd0],>_tocacam2
 05D2 3C0001            cmp [_tocacam2],1
 05D5 B00F              jnz L98
 05D7                   .dbline 327
 05D7           ; }             
 05D7                   .dbline 328
 05D7           ; }             
 05D7 430810            or REG[0x8],16
 05DA                   .dbline 329
 05DA           ; }             
 05DA 430840            or REG[0x8],64
 05DD                   .dbline 330
 05DD           ; }             
 05DD 62D000            mov REG[0xd0],>_contadordspCam2
 05E0 7601              inc [_contadordspCam2+1]
 05E2 0E0000            adc [_contadordspCam2],0
 05E5                   .dbline 331
 05E5           ; }             
 05E5           L98:
 05E5                   .dbline 334
 05E5           ; }             
 05E5           ; }             
 05E5           ; }             
 05E5 62D000            mov REG[0xd0],>_tocacam1
 05E8 3C0001            cmp [_tocacam1],1
 05EB B041              jnz L100
 05ED                   .dbline 335
 05ED           ; }             
 05ED                   .dbline 336
 05ED 62D000            mov REG[0xd0],>_Fla1
 05F0 3C0001            cmp [_Fla1],1
 05F3 A006              jz L104
 05F5 3C0003            cmp [_Fla1],3
 05F8 B004              jnz L102
 05FA           L104:
 05FA                   .dbline 336
 05FA           ; }             
 05FA 430001            or REG[ 0],1
 05FD           L102:
 05FD                   .dbline 337
 05FD 62D000            mov REG[0xd0],>_Fla2
 0600 3C0001            cmp [_Fla2],1
 0603 A006              jz L107
 0605 3C0003            cmp [_Fla2],3
 0608 B004              jnz L105
 060A           L107:
 060A                   .dbline 337
 060A           ; }             
 060A 430004            or REG[ 0],4
 060D           L105:
 060D                   .dbline 338
 060D 62D000            mov REG[0xd0],>_Fla3
 0610 3C0001            cmp [_Fla3],1
 0613 A006              jz L110
 0615 3C0003            cmp [_Fla3],3
 0618 B004              jnz L108
 061A           L110:
 061A                   .dbline 338
 061A           ; }             
 061A 430010            or REG[ 0],16
 061D           L108:
 061D                   .dbline 339
 061D 62D000            mov REG[0xd0],>_Fla4
 0620 3C0001            cmp [_Fla4],1
 0623 A006              jz L113
 0625 3C0003            cmp [_Fla4],3
 0628 B004              jnz L111
 062A           L113:
 062A                   .dbline 339
 062A           ; }             
 062A 430040            or REG[ 0],64
 062D           L111:
 062D                   .dbline 340
 062D           ; }             
 062D           L100:
 062D                   .dbline 341
 062D           ; }             
 062D 62D000            mov REG[0xd0],>_tocacam2
 0630 3C0001            cmp [_tocacam2],1
 0633 B041              jnz L114
 0635                   .dbline 342
 0635           ; }             
 0635                   .dbline 343
 0635 62D000            mov REG[0xd0],>_Fla1
 0638 3C0002            cmp [_Fla1],2
 063B A006              jz L118
 063D 3C0003            cmp [_Fla1],3
 0640 B004              jnz L116
 0642           L118:
 0642                   .dbline 343
 0642           ; }             
 0642 430001            or REG[ 0],1
 0645           L116:
 0645                   .dbline 344
 0645 62D000            mov REG[0xd0],>_Fla2
 0648 3C0002            cmp [_Fla2],2
 064B A006              jz L121
 064D 3C0003            cmp [_Fla2],3
 0650 B004              jnz L119
 0652           L121:
 0652                   .dbline 344
 0652           ; }             
 0652 430004            or REG[ 0],4
 0655           L119:
 0655                   .dbline 345
 0655 62D000            mov REG[0xd0],>_Fla3
 0658 3C0002            cmp [_Fla3],2
 065B A006              jz L124
 065D 3C0003            cmp [_Fla3],3
 0660 B004              jnz L122
 0662           L124:
 0662                   .dbline 345
 0662           ; }             
 0662 430010            or REG[ 0],16
 0665           L122:
 0665                   .dbline 346
 0665 62D000            mov REG[0xd0],>_Fla4
 0668 3C0002            cmp [_Fla4],2
 066B A006              jz L127
 066D 3C0003            cmp [_Fla4],3
 0670 B004              jnz L125
 0672           L127:
 0672                   .dbline 346
 0672           ; }             
 0672 430040            or REG[ 0],64
 0675           L125:
 0675                   .dbline 347
 0675           ; }             
 0675           L114:
 0675                   .dbline 349
 0675 560100            mov [X+1],0
 0678 560000            mov [X+0],0
 067B           L128:
 067B                   .dbline 349
 067B           L129:
 067B                   .dbline 349
 067B           ; }             
 067B           ; }             
 067B 7701              inc [X+1]
 067D 0F0000            adc [X+0],0
 0680                   .dbline 349
 0680 5201              mov A,[X+1]
 0682 11E8              sub A,-24
 0684 5200              mov A,[X+0]
 0686 3180              xor A,-128
 0688 1983              sbb A,(3 ^ 0x80)
 068A CFF0              jc L128
 068C           X12:
 068C                   .dbline 352
 068C           ; }             
 068C           ; }             
 068C           ; }             
 068C 4100AA            and REG[ 0],-86
 068F                   .dbline 355
 068F           ; }             
 068F           ; }             
 068F           ; }             
 068F 4108AA            and REG[0x8],-86
 0692                   .dbline 358
 0692           ; }             
 0692           ; }             
 0692           ; }             
 0692 62D000            mov REG[0xd0],>_tocacam1
 0695 550000            mov [_tocacam1],0
 0698                   .dbline 359
 0698           ; }             
 0698 62D000            mov REG[0xd0],>_tocacam2
 069B 550000            mov [_tocacam2],0
 069E                   .dbline -2
 069E                   .dbline 360
 069E           ; }             
 069E           L95:
 069E 38FE              add SP,-2
 06A0 20                pop X
 06A1                   .dbline 0 ; func end
 06A1 7F                ret
 06A2                   .dbsym l x 0 I
 06A2                   .dbend
 06A2                   .dbfunc e envia_fintrabajo _envia_fintrabajo fV
 06A2           _envia_fintrabajo::
 06A2                   .dbline -1
 06A2                   .dbline 375
 06A2                   .dbline 377
 06A2 62D000            mov REG[0xd0],>_fintrabajo
 06A5 5500FF            mov [_fintrabajo],-1
 06A8 62D000            mov REG[0xd0],>__r0
 06AB 5500FF            mov [__r0],-1
 06AE 3C0000            cmp [__r0],0
 06B1 A00B              jz L133
 06B3                   .dbline 378
 06B3                   .dbline 379
 06B3 62D000            mov REG[0xd0],>_fintrabajo
 06B6 5100              mov A,[_fintrabajo]
 06B8 08                push A
 06B9 9945              xcall _envia
 06BB 38FF              add SP,-1
 06BD                   .dbline 380
 06BD           L133:
 06BD                   .dbline -2
 06BD                   .dbline 381
 06BD           ; }             
 06BD           ; }             
 06BD           ; }             
 06BD           ; }             
 06BD           ; }             
 06BD           ; }             
 06BD           ; }             
 06BD           ; }             
 06BD           ; }             
 06BD           ; }             
 06BD           ; }             
 06BD           ; }             
 06BD           ; }             
 06BD           ; }             
 06BD           ; }             
 06BD           ; }             
 06BD           ; }             
 06BD           ; }             
 06BD           ; }             
 06BD           ; }             
 06BD           ; }             
 06BD           L132:
 06BD                   .dbline 0 ; func end
 06BD 7F                ret
 06BE                   .dbend
 06BE                   .dbfunc e disparo_sensores _disparo_sensores fV
 06BE           ; disparo_sensores_sensores -> X+0
 06BE           _disparo_sensores::
 06BE                   .dbline -1
 06BE 10                push X
 06BF 4F                mov X,SP
 06C0 3801              add SP,1
 06C2                   .dbline 396
 06C2           ; }             
 06C2           ; }             
 06C2           ; }             
 06C2           ; }             
 06C2           ; }             
 06C2           ; }             
 06C2           ; }             
 06C2           ; }             
 06C2           ; }             
 06C2           ; }             
 06C2           ; }             
 06C2           ; }             
 06C2           ; }             
 06C2           ; }             
 06C2           ; }             
 06C2                   .dbline 401
 06C2           ; }             
 06C2           ; }             
 06C2           ; }             
 06C2           ; }             
 06C2           ; }             
 06C2 5D00              mov A,REG[ 0]
 06C4 21AA              and A,-86
 06C6 5400              mov [X+0],A
 06C8                   .dbline 404
 06C8           ; }             
 06C8           ; }             
 06C8           ; }             
 06C8 62D000            mov REG[0xd0],>_Ent1
 06CB 3C0000            cmp [_Ent1],0
 06CE B004              jnz L136
 06D0                   .dbline 404
 06D0 27007F            and [X+0],127
 06D3           L136:
 06D3                   .dbline 405
 06D3           ; }             
 06D3 62D000            mov REG[0xd0],>_Ent2
 06D6 3C0000            cmp [_Ent2],0
 06D9 B004              jnz L138
 06DB                   .dbline 405
 06DB 2700DF            and [X+0],-33
 06DE           L138:
 06DE                   .dbline 406
 06DE           ; }             
 06DE 62D000            mov REG[0xd0],>_Ent3
 06E1 3C0000            cmp [_Ent3],0
 06E4 B004              jnz L140
 06E6                   .dbline 406
 06E6 2700F7            and [X+0],-9
 06E9           L140:
 06E9                   .dbline 407
 06E9           ; }             
 06E9 62D000            mov REG[0xd0],>_Ent4
 06EC 3C0000            cmp [_Ent4],0
 06EF B004              jnz L142
 06F1                   .dbline 407
 06F1 2700FD            and [X+0],-3
 06F4           L142:
 06F4                   .dbline 410
 06F4           ; }             
 06F4           ; }             
 06F4           ; }             
 06F4 3D0000            cmp [X+0],0
 06F7 A01F              jz L144
 06F9                   .dbline 411
 06F9           ; }             
 06F9                   .dbline 412
 06F9           ; }             
 06F9 62D000            mov REG[0xd0],>_Cam1
 06FC 3C0001            cmp [_Cam1],1
 06FF B007              jnz L146
 0701                   .dbline 412
 0701 62D000            mov REG[0xd0],>_tocacam1
 0704 550001            mov [_tocacam1],1
 0707           L146:
 0707                   .dbline 413
 0707           ; }             
 0707 62D000            mov REG[0xd0],>_Cam2
 070A 3C0001            cmp [_Cam2],1
 070D B007              jnz L148
 070F                   .dbline 413
 070F 62D000            mov REG[0xd0],>_tocacam2
 0712 550001            mov [_tocacam2],1
 0715           L148:
 0715                   .dbline 414
 0715 9E9E              xcall _disparo
 0717                   .dbline 415
 0717           L144:
 0717                   .dbline -2
 0717                   .dbline 416
 0717           ; }             
 0717           ; }             
 0717           ; }             
 0717           L135:
 0717 38FF              add SP,-1
 0719 20                pop X
 071A                   .dbline 0 ; func end
 071A 7F                ret
 071B                   .dbsym l disparo_sensores_sensores 0 c
 071B                   .dbend
 071B                   .dbfile ./main.c
 071B                   .dbfunc e MI_RSI_EXTERNA _MI_RSI_EXTERNA fV
 071B           _MI_RSI_EXTERNA::
 071B                   .dbline -1
 071B 71C0              or F,-64
 071D 08                push A
 071E 5DD0              mov A,REG[0xd0]
 0720 08                push A
 0721 5DD3              mov A,REG[0xd3]
 0723 08                push A
 0724 5DD4              mov A,REG[0xd4]
 0726 08                push A
 0727 5DD5              mov A,REG[0xd5]
 0729 08                push A
 072A 62D000            mov REG[0xd0],>__r0
 072D 5100              mov A,[__r0]
 072F 08                push A
 0730 5100              mov A,[__r1]
 0732 08                push A
 0733 5100              mov A,[__r2]
 0735 08                push A
 0736 5100              mov A,[__r3]
 0738 08                push A
 0739 5100              mov A,[__r4]
 073B 08                push A
 073C 5100              mov A,[__r5]
 073E 08                push A
 073F 5100              mov A,[__r6]
 0741 08                push A
 0742 5100              mov A,[__r7]
 0744 08                push A
 0745 5100              mov A,[__r8]
 0747 08                push A
 0748 5100              mov A,[__r9]
 074A 08                push A
 074B 5100              mov A,[__r10]
 074D 08                push A
 074E 5100              mov A,[__r11]
 0750 08                push A
 0751 5100              mov A,[__rX]
 0753 08                push A
 0754 5100              mov A,[__rY]
 0756 08                push A
 0757 5100              mov A,[__rZ]
 0759 08                push A
 075A                   .dbline 23
 075A                   .dbline 24
 075A 9F62              xcall _disparo_sensores
 075C                   .dbline -2
 075C                   .dbline 25
 075C           L150:
 075C 62D000            mov REG[0xD0],>__r0
 075F 18                pop A
 0760 5300              mov [__rZ],A
 0762 18                pop A
 0763 5300              mov [__rY],A
 0765 18                pop A
 0766 5300              mov [__rX],A
 0768 18                pop A
 0769 5300              mov [__r11],A
 076B 18                pop A
 076C 5300              mov [__r10],A
 076E 18                pop A
 076F 5300              mov [__r9],A
 0771 18                pop A
 0772 5300              mov [__r8],A
 0774 18                pop A
 0775 5300              mov [__r7],A
 0777 18                pop A
 0778 5300              mov [__r6],A
 077A 18                pop A
 077B 5300              mov [__r5],A
 077D 18                pop A
 077E 5300              mov [__r4],A
 0780 18                pop A
 0781 5300              mov [__r3],A
 0783 18                pop A
 0784 5300              mov [__r2],A
 0786 18                pop A
 0787 5300              mov [__r1],A
 0789 18                pop A
 078A 5300              mov [__r0],A
 078C 18                pop A
 078D 60D5              mov REG[213],A
 078F 18                pop A
 0790 60D4              mov REG[212],A
 0792 18                pop A
 0793 60D3              mov REG[211],A
 0795 18                pop A
 0796 60D0              mov REG[208],A
 0798 18                pop A
 0799                   .dbline 0 ; func end
 0799 7E                reti
 079A                   .dbend
 079A                   .dbfunc e MI_RSI_DEL_TIMER _MI_RSI_DEL_TIMER fV
 079A           _MI_RSI_DEL_TIMER::
 079A                   .dbline -1
 079A 71C0              or F,-64
 079C 08                push A
 079D 5DD0              mov A,REG[0xd0]
 079F 08                push A
 07A0                   .dbline 28
 07A0                   .dbline 29
 07A0 62D000            mov REG[0xd0],>_contador_trabajo1
 07A3 060301            add [_contador_trabajo1+3],1
 07A6 0E0200            adc [_contador_trabajo1+2],0
 07A9 0E0100            adc [_contador_trabajo1+1],0
 07AC 0E0000            adc [_contador_trabajo1],0
 07AF                   .dbline 30
 07AF 62D000            mov REG[0xd0],>_contador_trabajo2
 07B2 060301            add [_contador_trabajo2+3],1
 07B5 0E0200            adc [_contador_trabajo2+2],0
 07B8 0E0100            adc [_contador_trabajo2+1],0
 07BB 0E0000            adc [_contador_trabajo2],0
 07BE                   .dbline 32
 07BE 62D000            mov REG[0xd0],>_contador_trabajo1
 07C1 5100              mov A,[_contador_trabajo1]
 07C3 62D000            mov REG[0xd0],>_tpCam1
 07C6 3A00              cmp A,[_tpCam1]
 07C8 B03A              jnz L152
 07CA 62D000            mov REG[0xd0],>_contador_trabajo1
 07CD 5101              mov A,[_contador_trabajo1+1]
 07CF 62D000            mov REG[0xd0],>_tpCam1
 07D2 3A01              cmp A,[_tpCam1+1]
 07D4 B02E              jnz L152
 07D6 62D000            mov REG[0xd0],>_contador_trabajo1
 07D9 5102              mov A,[_contador_trabajo1+2]
 07DB 62D000            mov REG[0xd0],>_tpCam1
 07DE 3A02              cmp A,[_tpCam1+2]
 07E0 B022              jnz L152
 07E2 62D000            mov REG[0xd0],>_contador_trabajo1
 07E5 5103              mov A,[_contador_trabajo1+3]
 07E7 62D000            mov REG[0xd0],>_tpCam1
 07EA 3A03              cmp A,[_tpCam1+3]
 07EC B016              jnz L152
 07EE           X13:
 07EE                   .dbline 33
 07EE                   .dbline 34
 07EE 62D000            mov REG[0xd0],>_chivato1
 07F1 550001            mov [_chivato1],1
 07F4                   .dbline 35
 07F4 62D000            mov REG[0xd0],>_contador_trabajo1
 07F7 550000            mov [_contador_trabajo1],0
 07FA 550100            mov [_contador_trabajo1+1],0
 07FD 550200            mov [_contador_trabajo1+2],0
 0800 550300            mov [_contador_trabajo1+3],0
 0803                   .dbline 36
 0803           L152:
 0803                   .dbline 38
 0803 62D000            mov REG[0xd0],>_contador_trabajo2
 0806 5100              mov A,[_contador_trabajo2]
 0808 62D000            mov REG[0xd0],>_tpCam2
 080B 3A00              cmp A,[_tpCam2]
 080D B03A              jnz L154
 080F 62D000            mov REG[0xd0],>_contador_trabajo2
 0812 5101              mov A,[_contador_trabajo2+1]
 0814 62D000            mov REG[0xd0],>_tpCam2
 0817 3A01              cmp A,[_tpCam2+1]
 0819 B02E              jnz L154
 081B 62D000            mov REG[0xd0],>_contador_trabajo2
 081E 5102              mov A,[_contador_trabajo2+2]
 0820 62D000            mov REG[0xd0],>_tpCam2
 0823 3A02              cmp A,[_tpCam2+2]
 0825 B022              jnz L154
 0827 62D000            mov REG[0xd0],>_contador_trabajo2
 082A 5103              mov A,[_contador_trabajo2+3]
 082C 62D000            mov REG[0xd0],>_tpCam2
 082F 3A03              cmp A,[_tpCam2+3]
 0831 B016              jnz L154
 0833           X14:
 0833                   .dbline 39
 0833                   .dbline 40
 0833 62D000            mov REG[0xd0],>_chivato2
 0836 550001            mov [_chivato2],1
 0839                   .dbline 41
 0839 62D000            mov REG[0xd0],>_contador_trabajo2
 083C 550000            mov [_contador_trabajo2],0
 083F 550100            mov [_contador_trabajo2+1],0
 0842 550200            mov [_contador_trabajo2+2],0
 0845 550300            mov [_contador_trabajo2+3],0
 0848                   .dbline 42
 0848           L154:
 0848                   .dbline -2
 0848                   .dbline 43
 0848           L151:
 0848 18                pop A
 0849 60D0              mov REG[208],A
 084B 18                pop A
 084C                   .dbline 0 ; func end
 084C 7E                reti
 084D                   .dbend
 084D                   .dbfunc e main _main fV
 084D           _main::
 084D                   .dbline -1
 084D                   .dbline 61
 084D                   .dbline 62
 084D 984F              xcall _inicializacion
 084F                   .dbline 63
 084F 9862              xcall _recibe_valores
 0851                   .dbline 64
 0851 9929              xcall _preparadisparo
 0853                   .dbline 65
 0853 9C0C              xcall _activar_sensores
 0855                   .dbline 66
 0855 9C30              xcall _ejecucion
 0857                   .dbline -2
 0857                   .dbline 67
 0857           L156:
 0857                   .dbline 0 ; func end
 0857 8FFF              jmp .
 0859                   .dbend
                        .area data(ram, con, rel)
 0000                   .dbfile ./main.c
 0000           _tempo::
 0000 0000              .byte 0,0
 0002                   .dbfile ./trabajo.h
 0002                   .dbsym e tempo _tempo i
